=== STEP3 factors ===
2026-06-28 18:10:59 INFO 第3步开始: 待处理股票文件=610
2026-06-28 18:10:59 INFO [1/610] 000001 因子保存完成: rows=1569
2026-06-28 18:10:59 INFO [2/610] 000002 因子保存完成: rows=1569
2026-06-28 18:10:59 INFO [3/610] 000021 因子保存完成: rows=1569
2026-06-28 18:10:59 INFO [4/610] 000032 因子保存完成: rows=1558
2026-06-28 18:11:00 INFO [5/610] 000034 因子保存完成: rows=1569
2026-06-28 18:11:00 INFO [6/610] 000050 因子保存完成: rows=1569
2026-06-28 18:11:00 INFO [7/610] 000060 因子保存完成: rows=1569
2026-06-28 18:11:00 INFO [8/610] 000062 因子保存完成: rows=1569
2026-06-28 18:11:00 INFO [9/610] 000063 因子保存完成: rows=1568
2026-06-28 18:11:00 INFO [10/610] 000066 因子保存完成: rows=1569
2026-06-28 18:11:00 INFO [11/610] 000100 因子保存完成: rows=1568
2026-06-28 18:11:00 INFO [12/610] 000157 因子保存完成: rows=1569
2026-06-28 18:11:00 INFO [13/610] 000166 因子保存完成: rows=1569
2026-06-28 18:11:00 INFO [14/610] 000333 因子保存完成: rows=1569
2026-06-28 18:11:00 INFO [15/610] 000338 因子保存完成: rows=1569
2026-06-28 18:11:00 INFO [16/610] 000400 因子保存完成: rows=1569
2026-06-28 18:11:00 INFO [17/610] 000408 因子保存完成: rows=1562
2026-06-28 18:11:00 INFO [18/610] 000425 因子保存完成: rows=1546
2026-06-28 18:11:00 INFO [19/610] 000426 因子保存完成: rows=1569
2026-06-28 18:11:01 INFO [20/610] 000519 因子保存完成: rows=1569
2026-06-28 18:11:01 INFO [21/610] 000539 因子保存完成: rows=1569
2026-06-28 18:11:01 INFO [22/610] 000547 因子保存完成: rows=1569
2026-06-28 18:11:01 INFO [23/610] 000559 因子保存完成: rows=1559
2026-06-28 18:11:01 INFO [24/610] 000568 因子保存完成: rows=1569
2026-06-28 18:11:01 INFO [25/610] 000617 因子保存完成: rows=1569
2026-06-28 18:11:01 INFO [26/610] 000620 因子保存完成: rows=1566
2026-06-28 18:11:01 INFO [27/610] 000625 因子保存完成: rows=1569
2026-06-28 18:11:01 INFO [28/610] 000629 因子保存完成: rows=1569
2026-06-28 18:11:01 INFO [29/610] 000630 因子保存完成: rows=1559
2026-06-28 18:11:01 INFO [30/610] 000636 因子保存完成: rows=1569
2026-06-28 18:11:01 INFO [31/610] 000651 因子保存完成: rows=1569
2026-06-28 18:11:01 INFO [32/610] 000657 因子保存完成: rows=1559
2026-06-28 18:11:01 INFO [33/610] 000672 因子保存完成: rows=1569
2026-06-28 18:11:01 INFO [34/610] 000688 因子保存完成: rows=1569
2026-06-28 18:11:01 INFO [35/610] 000703 因子保存完成: rows=1569
2026-06-28 18:11:02 INFO [36/610] 000725 因子保存完成: rows=1569
2026-06-28 18:11:02 INFO [37/610] 000728 因子保存完成: rows=1563
2026-06-28 18:11:02 INFO [38/610] 000733 因子保存完成: rows=1569
2026-06-28 18:11:02 INFO [39/610] 000737 因子保存完成: rows=1557
2026-06-28 18:11:02 INFO [40/610] 000766 因子保存完成: rows=1569
2026-06-28 18:11:02 INFO [41/610] 000768 因子保存完成: rows=1569
2026-06-28 18:11:02 INFO [42/610] 000776 因子保存完成: rows=1569
2026-06-28 18:11:02 INFO [43/610] 000783 因子保存完成: rows=1569
2026-06-28 18:11:02 INFO [44/610] 000792 因子保存完成: rows=1257
2026-06-28 18:11:02 INFO [45/610] 000807 因子保存完成: rows=1569
2026-06-28 18:11:02 INFO [46/610] 000811 因子保存完成: rows=1569
2026-06-28 18:11:02 INFO [47/610] 000830 因子保存完成: rows=1559
2026-06-28 18:11:02 INFO [48/610] 000831 因子保存完成: rows=1569
2026-06-28 18:11:02 INFO [49/610] 000858 因子保存完成: rows=1569
2026-06-28 18:11:02 INFO [50/610] 000878 因子保存完成: rows=1560
2026-06-28 18:11:03 INFO [51/610] 000887 因子保存完成: rows=1569
2026-06-28 18:11:03 INFO [52/610] 000933 因子保存完成: rows=1559
2026-06-28 18:11:03 INFO [53/610] 000938 因子保存完成: rows=1569
2026-06-28 18:11:03 INFO [54/610] 000960 因子保存完成: rows=1569
2026-06-28 18:11:03 INFO [55/610] 000962 因子保存完成: rows=1569
2026-06-28 18:11:03 INFO [56/610] 000963 因子保存完成: rows=1569
2026-06-28 18:11:03 INFO [57/610] 000967 因子保存完成: rows=1569
2026-06-28 18:11:03 INFO [58/610] 000969 因子保存完成: rows=1569
2026-06-28 18:11:03 INFO [59/610] 000973 因子保存完成: rows=1559
2026-06-28 18:11:03 INFO [60/610] 000975 因子保存完成: rows=1564
2026-06-28 18:11:03 INFO [61/610] 000977 因子保存完成: rows=1563
2026-06-28 18:11:03 INFO [62/610] 000981 因子保存完成: rows=1558
2026-06-28 18:11:03 INFO [63/610] 000988 因子保存完成: rows=1569
2026-06-28 18:11:03 INFO [64/610] 001203 因子保存完成: rows=1245
2026-06-28 18:11:03 INFO [65/610] 001267 因子保存完成: rows=1112
2026-06-28 18:11:03 INFO [66/610] 001270 因子保存完成: rows=980
2026-06-28 18:11:04 INFO [67/610] 001287 因子保存完成: rows=778
2026-06-28 18:11:04 INFO [68/610] 001309 因子保存完成: rows=966
2026-06-28 18:11:04 INFO [69/610] 001339 因子保存完成: rows=935
2026-06-28 18:11:04 INFO [70/610] 001359 因子保存完成: rows=543
2026-06-28 18:11:04 INFO [71/610] 001389 因子保存完成: rows=540
2026-06-28 18:11:04 INFO [72/610] 001696 因子保存完成: rows=1569
2026-06-28 18:11:04 INFO [73/610] 001896 因子保存完成: rows=1558
2026-06-28 18:11:04 INFO [74/610] 002001 因子保存完成: rows=1569
2026-06-28 18:11:04 INFO [75/610] 002008 因子保存完成: rows=1569
2026-06-28 18:11:04 INFO [76/610] 002015 因子保存完成: rows=1569
2026-06-28 18:11:04 INFO [77/610] 002025 因子保存完成: rows=1569
2026-06-28 18:11:04 INFO [78/610] 002027 因子保存完成: rows=1569
2026-06-28 18:11:04 INFO [79/610] 002028 因子保存完成: rows=1569
2026-06-28 18:11:04 INFO [80/610] 002046 因子保存完成: rows=1569
2026-06-28 18:11:04 INFO [81/610] 002049 因子保存完成: rows=1558
2026-06-28 18:11:04 INFO [82/610] 002050 因子保存完成: rows=1569
2026-06-28 18:11:04 INFO [83/610] 002056 因子保存完成: rows=1569
2026-06-28 18:11:05 INFO [84/610] 002074 因子保存完成: rows=1562
2026-06-28 18:11:05 INFO [85/610] 002080 因子保存完成: rows=1559
2026-06-28 18:11:05 INFO [86/610] 002085 因子保存完成: rows=1569
2026-06-28 18:11:05 INFO [87/610] 002126 因子保存完成: rows=1569
2026-06-28 18:11:05 INFO [88/610] 002129 因子保存完成: rows=1569
2026-06-28 18:11:05 INFO [89/610] 002130 因子保存完成: rows=1569
2026-06-28 18:11:05 INFO [90/610] 002131 因子保存完成: rows=1566
2026-06-28 18:11:05 INFO [91/610] 002138 因子保存完成: rows=1569
2026-06-28 18:11:05 INFO [92/610] 002142 因子保存完成: rows=1563
2026-06-28 18:11:05 INFO [93/610] 002149 因子保存完成: rows=1569
2026-06-28 18:11:05 INFO [94/610] 002155 因子保存完成: rows=1559
2026-06-28 18:11:05 INFO [95/610] 002156 因子保存完成: rows=1569
2026-06-28 18:11:05 INFO [96/610] 002171 因子保存完成: rows=1569
2026-06-28 18:11:05 INFO [97/610] 002179 因子保存完成: rows=1569
2026-06-28 18:11:05 INFO [98/610] 002180 因子保存完成: rows=1560
2026-06-28 18:11:06 INFO [99/610] 002185 因子保存完成: rows=1559
2026-06-28 18:11:06 INFO [100/610] 002192 因子保存完成: rows=1567
2026-06-28 18:11:06 INFO [101/610] 002195 因子保存完成: rows=1569
2026-06-28 18:11:06 INFO [102/610] 002202 因子保存完成: rows=1569
2026-06-28 18:11:06 INFO [103/610] 002203 因子保存完成: rows=1569
2026-06-28 18:11:06 INFO [104/610] 002222 因子保存完成: rows=1569
2026-06-28 18:11:06 INFO [105/610] 002230 因子保存完成: rows=1569
2026-06-28 18:11:06 INFO [106/610] 002236 因子保存完成: rows=1569
2026-06-28 18:11:06 INFO [107/610] 002240 因子保存完成: rows=1569
2026-06-28 18:11:06 INFO [108/610] 002241 因子保存完成: rows=1569
2026-06-28 18:11:06 INFO [109/610] 002245 因子保存完成: rows=1565
2026-06-28 18:11:06 INFO [110/610] 002261 因子保存完成: rows=1569
2026-06-28 18:11:06 INFO [111/610] 002271 因子保存完成: rows=1569
2026-06-28 18:11:06 INFO [112/610] 002273 因子保存完成: rows=1569
2026-06-28 18:11:07 INFO [113/610] 002281 因子保存完成: rows=1569
2026-06-28 18:11:07 INFO [114/610] 002290 因子保存完成: rows=1567
2026-06-28 18:11:07 INFO [115/610] 002294 因子保存完成: rows=1569
2026-06-28 18:11:07 INFO [116/610] 002326 因子保存完成: rows=1564
2026-06-28 18:11:07 INFO [117/610] 002335 因子保存完成: rows=1569
2026-06-28 18:11:07 INFO [118/610] 002340 因子保存完成: rows=1569
2026-06-28 18:11:07 INFO [119/610] 002352 因子保存完成: rows=1566
2026-06-28 18:11:07 INFO [120/610] 002353 因子保存完成: rows=1569
2026-06-28 18:11:07 INFO [121/610] 002364 因子保存完成: rows=1569
2026-06-28 18:11:07 INFO [122/610] 002371 因子保存完成: rows=1569
2026-06-28 18:11:07 INFO [123/610] 002378 因子保存完成: rows=1569
2026-06-28 18:11:07 INFO [124/610] 002384 因子保存完成: rows=1569
2026-06-28 18:11:07 INFO [125/610] 002402 因子保存完成: rows=1569
2026-06-28 18:11:07 INFO [126/610] 002407 因子保存完成: rows=1569
2026-06-28 18:11:08 INFO [127/610] 002409 因子保存完成: rows=1569
2026-06-28 18:11:08 INFO [128/610] 002414 因子保存完成: rows=1569
2026-06-28 18:11:08 INFO [129/610] 002415 因子保存完成: rows=1569
2026-06-28 18:11:08 INFO [130/610] 002422 因子保存完成: rows=1569
2026-06-28 18:11:08 INFO [131/610] 002428 因子保存完成: rows=1569
2026-06-28 18:11:08 INFO [132/610] 002429 因子保存完成: rows=1564
2026-06-28 18:11:08 INFO [133/610] 002430 因子保存完成: rows=1569
2026-06-28 18:11:08 INFO [134/610] 002432 因子保存完成: rows=1569
2026-06-28 18:11:08 INFO [135/610] 002436 因子保存完成: rows=1569
2026-06-28 18:11:08 INFO [136/610] 002444 因子保存完成: rows=1569
2026-06-28 18:11:08 INFO [137/610] 002456 因子保存完成: rows=1559
2026-06-28 18:11:08 INFO [138/610] 002459 因子保存完成: rows=1569
2026-06-28 18:11:08 INFO [139/610] 002460 因子保存完成: rows=1569
2026-06-28 18:11:08 INFO [140/610] 002463 因子保存完成: rows=1569
2026-06-28 18:11:08 INFO [141/610] 002465 因子保存完成: rows=1569
2026-06-28 18:11:09 INFO [142/610] 002466 因子保存完成: rows=1569
2026-06-28 18:11:09 INFO [143/610] 002472 因子保存完成: rows=1569
2026-06-28 18:11:09 INFO [144/610] 002475 因子保存完成: rows=1569
2026-06-28 18:11:09 INFO [145/610] 002484 因子保存完成: rows=1569
2026-06-28 18:11:09 INFO [146/610] 002487 因子保存完成: rows=1569
2026-06-28 18:11:09 INFO [147/610] 002491 因子保存完成: rows=1569
2026-06-28 18:11:09 INFO [148/610] 002493 因子保存完成: rows=1569
2026-06-28 18:11:09 INFO [149/610] 002497 因子保存完成: rows=1569
2026-06-28 18:11:09 INFO [150/610] 002517 因子保存完成: rows=1569
2026-06-28 18:11:09 INFO [151/610] 002518 因子保存完成: rows=1569
2026-06-28 18:11:09 INFO [152/610] 002532 因子保存完成: rows=1568
2026-06-28 18:11:09 INFO [153/610] 002536 因子保存完成: rows=1569
2026-06-28 18:11:09 INFO [154/610] 002552 因子保存完成: rows=1556
2026-06-28 18:11:09 INFO [155/610] 002555 因子保存完成: rows=1569
2026-06-28 18:11:09 INFO [156/610] 002558 因子保存完成: rows=1569
2026-06-28 18:11:10 INFO [157/610] 002594 因子保存完成: rows=1569
2026-06-28 18:11:10 INFO [158/610] 002600 因子保存完成: rows=1569
2026-06-28 18:11:10 INFO [159/610] 002601 因子保存完成: rows=1569
2026-06-28 18:11:10 INFO [160/610] 002602 因子保存完成: rows=1567
2026-06-28 18:11:10 INFO [161/610] 002611 因子保存完成: rows=1569
2026-06-28 18:11:10 INFO [162/610] 002624 因子保存完成: rows=1569
2026-06-28 18:11:10 INFO [163/610] 002625 因子保存完成: rows=1569
2026-06-28 18:11:10 INFO [164/610] 002636 因子保存完成: rows=1569
2026-06-28 18:11:10 INFO [165/610] 002645 因子保存完成: rows=1568
2026-06-28 18:11:10 INFO [166/610] 002648 因子保存完成: rows=1569
2026-06-28 18:11:10 INFO [167/610] 002709 因子保存完成: rows=1569
2026-06-28 18:11:10 INFO [168/610] 002714 因子保存完成: rows=1569
2026-06-28 18:11:10 INFO [169/610] 002716 因子保存完成: rows=1557
2026-06-28 18:11:10 INFO [170/610] 002736 因子保存完成: rows=1559
2026-06-28 18:11:10 INFO [171/610] 002738 因子保存完成: rows=1569
2026-06-28 18:11:11 INFO [172/610] 002747 因子保存完成: rows=1569
2026-06-28 18:11:11 INFO [173/610] 002756 因子保存完成: rows=1569
2026-06-28 18:11:11 INFO [174/610] 002768 因子保存完成: rows=1569
2026-06-28 18:11:11 INFO [175/610] 002797 因子保存完成: rows=1569
2026-06-28 18:11:11 INFO [176/610] 002812 因子保存完成: rows=1554
2026-06-28 18:11:11 INFO [177/610] 002815 因子保存完成: rows=1569
2026-06-28 18:11:11 INFO [178/610] 002821 因子保存完成: rows=1569
2026-06-28 18:11:11 INFO [179/610] 002831 因子保存完成: rows=1569
2026-06-28 18:11:11 INFO [180/610] 002837 因子保存完成: rows=1569
2026-06-28 18:11:11 INFO [181/610] 002850 因子保存完成: rows=1569
2026-06-28 18:11:11 INFO [182/610] 002851 因子保存完成: rows=1569
2026-06-28 18:11:11 INFO [183/610] 002859 因子保存完成: rows=1559
2026-06-28 18:11:11 INFO [184/610] 002916 因子保存完成: rows=1569
2026-06-28 18:11:11 INFO [185/610] 002920 因子保存完成: rows=1569
2026-06-28 18:11:11 INFO [186/610] 002938 因子保存完成: rows=1569
2026-06-28 18:11:12 INFO [187/610] 002947 因子保存完成: rows=1569
2026-06-28 18:11:12 INFO [188/610] 002957 因子保存完成: rows=1569
2026-06-28 18:11:12 INFO [189/610] 002975 因子保存完成: rows=1551
2026-06-28 18:11:12 INFO [190/610] 002980 因子保存完成: rows=1502
2026-06-28 18:11:12 INFO [191/610] 003022 因子保存完成: rows=1344
2026-06-28 18:11:12 INFO [192/610] 003031 因子保存完成: rows=1316
2026-06-28 18:11:12 INFO [193/610] 003036 因子保存完成: rows=1308
2026-06-28 18:11:12 INFO [194/610] 300001 因子保存完成: rows=1569
2026-06-28 18:11:12 INFO [195/610] 300005 因子保存完成: rows=1566
2026-06-28 18:11:12 INFO [196/610] 300014 因子保存完成: rows=1569
2026-06-28 18:11:12 INFO [197/610] 300015 因子保存完成: rows=1568
2026-06-28 18:11:12 INFO [198/610] 300017 因子保存完成: rows=1569
2026-06-28 18:11:12 INFO [199/610] 300024 因子保存完成: rows=1569
2026-06-28 18:11:12 INFO [200/610] 300033 因子保存完成: rows=1569
2026-06-28 18:11:12 INFO [201/610] 300037 因子保存完成: rows=1569
2026-06-28 18:11:12 INFO [202/610] 300054 因子保存完成: rows=1569
2026-06-28 18:11:13 INFO [203/610] 300058 因子保存完成: rows=1569
2026-06-28 18:11:13 INFO [204/610] 300059 因子保存完成: rows=1569
2026-06-28 18:11:13 INFO [205/610] 300073 因子保存完成: rows=1559
2026-06-28 18:11:13 INFO [206/610] 300083 因子保存完成: rows=1559
2026-06-28 18:11:13 INFO [207/610] 300085 因子保存完成: rows=1569
2026-06-28 18:11:13 INFO [208/610] 300088 因子保存完成: rows=1569
2026-06-28 18:11:13 INFO [209/610] 300102 因子保存完成: rows=1569
2026-06-28 18:11:13 INFO [210/610] 300115 因子保存完成: rows=1569
2026-06-28 18:11:13 INFO [211/610] 300124 因子保存完成: rows=1569
2026-06-28 18:11:13 INFO [212/610] 300131 因子保存完成: rows=1549
2026-06-28 18:11:13 INFO [213/610] 300136 因子保存完成: rows=1569
2026-06-28 18:11:13 INFO [214/610] 300179 因子保存完成: rows=1569
2026-06-28 18:11:13 INFO [215/610] 300207 因子保存完成: rows=1569
2026-06-28 18:11:13 INFO [216/610] 300209 因子保存完成: rows=1565
2026-06-28 18:11:13 INFO [217/610] 300223 因子保存完成: rows=1569
2026-06-28 18:11:14 INFO [218/610] 300236 因子保存完成: rows=1569
2026-06-28 18:11:14 INFO [219/610] 300251 因子保存完成: rows=1569
2026-06-28 18:11:14 INFO [220/610] 300255 因子保存完成: rows=1569
2026-06-28 18:11:14 INFO [221/610] 300260 因子保存完成: rows=1569
2026-06-28 18:11:14 INFO [222/610] 300274 因子保存完成: rows=1569
2026-06-28 18:11:14 INFO [223/610] 300277 因子保存完成: rows=1549
2026-06-28 18:11:14 INFO [224/610] 300285 因子保存完成: rows=1569
2026-06-28 18:11:14 INFO [225/610] 300302 因子保存完成: rows=1569
2026-06-28 18:11:14 INFO [226/610] 300308 因子保存完成: rows=1569
2026-06-28 18:11:14 INFO [227/610] 300316 因子保存完成: rows=1569
2026-06-28 18:11:14 INFO [228/610] 300319 因子保存完成: rows=1559
2026-06-28 18:11:14 INFO [229/610] 300323 因子保存完成: rows=1564
2026-06-28 18:11:14 INFO [230/610] 300339 因子保存完成: rows=1564
2026-06-28 18:11:14 INFO [231/610] 300346 因子保存完成: rows=1561
2026-06-28 18:11:14 INFO [232/610] 300347 因子保存完成: rows=1569
2026-06-28 18:11:15 INFO [233/610] 300373 因子保存完成: rows=1559
2026-06-28 18:11:15 INFO [234/610] 300383 因子保存完成: rows=1569
2026-06-28 18:11:15 INFO [235/610] 300390 因子保存完成: rows=1569
2026-06-28 18:11:15 INFO [236/610] 300394 因子保存完成: rows=1569
2026-06-28 18:11:15 INFO [237/610] 300395 因子保存完成: rows=1569
2026-06-28 18:11:15 INFO [238/610] 300398 因子保存完成: rows=1569
2026-06-28 18:11:15 INFO [239/610] 300408 因子保存完成: rows=1569
2026-06-28 18:11:15 INFO [240/610] 300418 因子保存完成: rows=1569
2026-06-28 18:11:15 INFO [241/610] 300432 因子保存完成: rows=1569
2026-06-28 18:11:15 INFO [242/610] 300433 因子保存完成: rows=1569
2026-06-28 18:11:15 INFO [243/610] 300438 因子保存完成: rows=1565
2026-06-28 18:11:15 INFO [244/610] 300442 因子保存完成: rows=1553
2026-06-28 18:11:15 INFO [245/610] 300450 因子保存完成: rows=1569
2026-06-28 18:11:15 INFO [246/610] 300454 因子保存完成: rows=1569
2026-06-28 18:11:15 INFO [247/610] 300456 因子保存完成: rows=1569
2026-06-28 18:11:16 INFO [248/610] 300458 因子保存完成: rows=1569
2026-06-28 18:11:16 INFO [249/610] 300474 因子保存完成: rows=1569
2026-06-28 18:11:16 INFO [250/610] 300475 因子保存完成: rows=1561
2026-06-28 18:11:16 INFO [251/610] 300476 因子保存完成: rows=1569
2026-06-28 18:11:16 INFO [252/610] 300487 因子保存完成: rows=1569
2026-06-28 18:11:16 INFO [253/610] 300489 因子保存完成: rows=1564
2026-06-28 18:11:16 INFO [254/610] 300496 因子保存完成: rows=1569
2026-06-28 18:11:16 INFO [255/610] 300498 因子保存完成: rows=1569
2026-06-28 18:11:16 INFO [256/610] 300502 因子保存完成: rows=1569
2026-06-28 18:11:16 INFO [257/610] 300503 因子保存完成: rows=1569
2026-06-28 18:11:16 INFO [258/610] 300548 因子保存完成: rows=1565
2026-06-28 18:11:16 INFO [259/610] 300558 因子保存完成: rows=1569
2026-06-28 18:11:16 INFO [260/610] 300567 因子保存完成: rows=1569
2026-06-28 18:11:16 INFO [261/610] 300568 因子保存完成: rows=1569
2026-06-28 18:11:16 INFO [262/610] 300570 因子保存完成: rows=1569
2026-06-28 18:11:17 INFO [263/610] 300576 因子保存完成: rows=1569
2026-06-28 18:11:17 INFO [264/610] 300602 因子保存完成: rows=1569
2026-06-28 18:11:17 INFO [265/610] 300604 因子保存完成: rows=1559
2026-06-28 18:11:17 INFO [266/610] 300620 因子保存完成: rows=1559
2026-06-28 18:11:17 INFO [267/610] 300623 因子保存完成: rows=1569
2026-06-28 18:11:17 INFO [268/610] 300655 因子保存完成: rows=1569
2026-06-28 18:11:17 INFO [269/610] 300657 因子保存完成: rows=1562
2026-06-28 18:11:17 INFO [270/610] 300661 因子保存完成: rows=1569
2026-06-28 18:11:17 INFO [271/610] 300666 因子保存完成: rows=1563
2026-06-28 18:11:17 INFO [272/610] 300672 因子保存完成: rows=1559
2026-06-28 18:11:17 INFO [273/610] 300677 因子保存完成: rows=1569
2026-06-28 18:11:17 INFO [274/610] 300679 因子保存完成: rows=1559
2026-06-28 18:11:17 INFO [275/610] 300724 因子保存完成: rows=1569
2026-06-28 18:11:17 INFO [276/610] 300726 因子保存完成: rows=1569
2026-06-28 18:11:17 INFO [277/610] 300747 因子保存完成: rows=1569
2026-06-28 18:11:18 INFO [278/610] 300748 因子保存完成: rows=1569
2026-06-28 18:11:18 INFO [279/610] 300750 因子保存完成: rows=1569
2026-06-28 18:11:18 INFO [280/610] 300751 因子保存完成: rows=1569
2026-06-28 18:11:18 INFO [281/610] 300757 因子保存完成: rows=1549
2026-06-28 18:11:18 INFO [282/610] 300759 因子保存完成: rows=1569
2026-06-28 18:11:18 INFO [283/610] 300760 因子保存完成: rows=1569
2026-06-28 18:11:18 INFO [284/610] 300762 因子保存完成: rows=1569
2026-06-28 18:11:18 INFO [285/610] 300763 因子保存完成: rows=1569
2026-06-28 18:11:18 INFO [286/610] 300776 因子保存完成: rows=1569
2026-06-28 18:11:18 INFO [287/610] 300782 因子保存完成: rows=1569
2026-06-28 18:11:18 INFO [288/610] 300803 因子保存完成: rows=1569
2026-06-28 18:11:18 INFO [289/610] 300806 因子保存完成: rows=1569
2026-06-28 18:11:18 INFO [290/610] 300811 因子保存完成: rows=1569
2026-06-28 18:11:18 INFO [291/610] 300814 因子保存完成: rows=1178
2026-06-28 18:11:18 INFO [292/610] 300821 因子保存完成: rows=1525
2026-06-28 18:11:19 INFO [293/610] 300835 因子保存完成: rows=1477
2026-06-28 18:11:19 INFO [294/610] 300843 因子保存完成: rows=1451
2026-06-28 18:11:19 INFO [295/610] 300857 因子保存完成: rows=1434
2026-06-28 18:11:19 INFO [296/610] 300870 因子保存完成: rows=1414
2026-06-28 18:11:19 INFO [297/610] 300903 因子保存完成: rows=1367
2026-06-28 18:11:19 INFO [298/610] 300919 因子保存完成: rows=1333
2026-06-28 18:11:19 INFO [299/610] 300953 因子保存完成: rows=1278
2026-06-28 18:11:19 INFO [300/610] 300975 因子保存完成: rows=1255
2026-06-28 18:11:19 INFO [301/610] 301005 因子保存完成: rows=1229
2026-06-28 18:11:19 INFO [302/610] 301018 因子保存完成: rows=1204
2026-06-28 18:11:19 INFO [303/610] 301021 因子保存完成: rows=1205
2026-06-28 18:11:19 INFO [304/610] 301071 因子保存完成: rows=1149
2026-06-28 18:11:19 INFO [305/610] 301086 因子保存完成: rows=1136
2026-06-28 18:11:19 INFO [306/610] 301093 因子保存完成: rows=1128
2026-06-28 18:11:19 INFO [307/610] 301095 因子保存完成: rows=941
2026-06-28 18:11:19 INFO [308/610] 301123 因子保存完成: rows=1068
2026-06-28 18:11:19 INFO [309/610] 301128 因子保存完成: rows=1121
2026-06-28 18:11:19 INFO [310/610] 301150 因子保存完成: rows=1013
2026-06-28 18:11:20 INFO [311/610] 301165 因子保存完成: rows=871
2026-06-28 18:11:20 INFO [312/610] 301171 因子保存完成: rows=928
2026-06-28 18:11:20 INFO [313/610] 301196 因子保存完成: rows=1078
2026-06-28 18:11:20 INFO [314/610] 301200 因子保存完成: rows=1049
2026-06-28 18:11:20 INFO [315/610] 301205 因子保存完成: rows=915
2026-06-28 18:11:20 INFO [316/610] 301217 因子保存完成: rows=1066
2026-06-28 18:11:20 INFO [317/610] 301219 因子保存完成: rows=1036
2026-06-28 18:11:20 INFO [318/610] 301236 因子保存完成: rows=1038
2026-06-28 18:11:20 INFO [319/610] 301269 因子保存完成: rows=936
2026-06-28 18:11:20 INFO [320/610] 301297 因子保存完成: rows=832
2026-06-28 18:11:20 INFO [321/610] 301308 因子保存完成: rows=941
2026-06-28 18:11:20 INFO [322/610] 301319 因子保存完成: rows=903
2026-06-28 18:11:20 INFO [323/610] 301338 因子保存完成: rows=934
2026-06-28 18:11:20 INFO [324/610] 301358 因子保存完成: rows=819
2026-06-28 18:11:20 INFO [325/610] 301362 因子保存完成: rows=689
2026-06-28 18:11:20 INFO [326/610] 301369 因子保存完成: rows=908
2026-06-28 18:11:20 INFO [327/610] 301377 因子保存完成: rows=870
2026-06-28 18:11:20 INFO [328/610] 301389 因子保存完成: rows=886
2026-06-28 18:11:20 INFO [329/610] 301392 因子保存完成: rows=499
2026-06-28 18:11:20 INFO [330/610] 301396 因子保存完成: rows=877
2026-06-28 18:11:20 INFO [331/610] 301486 因子保存完成: rows=709
2026-06-28 18:11:20 INFO [332/610] 301511 因子保存完成: rows=690
2026-06-28 18:11:21 INFO [333/610] 301526 因子保存完成: rows=603
2026-06-28 18:11:21 INFO [334/610] 301536 因子保存完成: rows=543
2026-06-28 18:11:21 INFO [335/610] 301550 因子保存完成: rows=669
2026-06-28 18:11:21 INFO [336/610] 301611 因子保存完成: rows=448
2026-06-28 18:11:21 INFO [337/610] 301626 因子保存完成: rows=406
2026-06-28 18:11:21 INFO [338/610] 600010 因子保存完成: rows=1569
2026-06-28 18:11:21 INFO [339/610] 600011 因子保存完成: rows=1569
2026-06-28 18:11:21 INFO [340/610] 600016 因子保存完成: rows=1569
2026-06-28 18:11:21 INFO [341/610] 600021 因子保存完成: rows=1569
2026-06-28 18:11:21 INFO [342/610] 600026 因子保存完成: rows=1569
2026-06-28 18:11:21 INFO [343/610] 600028 因子保存完成: rows=1569
2026-06-28 18:11:21 INFO [344/610] 600029 因子保存完成: rows=1569
2026-06-28 18:11:21 INFO [345/610] 600030 因子保存完成: rows=1563
2026-06-28 18:11:21 INFO [346/610] 600031 因子保存完成: rows=1569
2026-06-28 18:11:21 INFO [347/610] 600036 因子保存完成: rows=1569
2026-06-28 18:11:21 INFO [348/610] 600048 因子保存完成: rows=1569
2026-06-28 18:11:21 INFO [349/610] 600066 因子保存完成: rows=1568
2026-06-28 18:11:22 INFO [350/610] 600089 因子保存完成: rows=1569
2026-06-28 18:11:22 INFO [351/610] 600096 因子保存完成: rows=1569
2026-06-28 18:11:22 INFO [352/610] 600104 因子保存完成: rows=1569
2026-06-28 18:11:22 INFO [353/610] 600105 因子保存完成: rows=1569
2026-06-28 18:11:22 INFO [354/610] 600110 因子保存完成: rows=1561
2026-06-28 18:11:22 INFO [355/610] 600111 因子保存完成: rows=1569
2026-06-28 18:11:22 INFO [356/610] 600114 因子保存完成: rows=1559
2026-06-28 18:11:22 INFO [357/610] 600115 因子保存完成: rows=1569
2026-06-28 18:11:22 INFO [358/610] 600118 因子保存完成: rows=1569
2026-06-28 18:11:22 INFO [359/610] 600141 因子保存完成: rows=1569
2026-06-28 18:11:22 INFO [360/610] 600143 因子保存完成: rows=1569
2026-06-28 18:11:22 INFO [361/610] 600150 因子保存完成: rows=1554
2026-06-28 18:11:22 INFO [362/610] 600157 因子保存完成: rows=1555
2026-06-28 18:11:22 INFO [363/610] 600160 因子保存完成: rows=1559
2026-06-28 18:11:22 INFO [364/610] 600171 因子保存完成: rows=1569
2026-06-28 18:11:23 INFO [365/610] 600172 因子保存完成: rows=1564
2026-06-28 18:11:23 INFO [366/610] 600176 因子保存完成: rows=1559
2026-06-28 18:11:23 INFO [367/610] 600183 因子保存完成: rows=1569
2026-06-28 18:11:23 INFO [368/610] 600186 因子保存完成: rows=1567
2026-06-28 18:11:23 INFO [369/610] 600188 因子保存完成: rows=1569
2026-06-28 18:11:23 INFO [370/610] 600196 因子保存完成: rows=1569
2026-06-28 18:11:23 INFO [371/610] 600206 因子保存完成: rows=1569
2026-06-28 18:11:23 INFO [372/610] 600219 因子保存完成: rows=1569
2026-06-28 18:11:23 INFO [373/610] 600226 因子保存完成: rows=1525
2026-06-28 18:11:23 INFO [374/610] 600246 因子保存完成: rows=1568
2026-06-28 18:11:23 INFO [375/610] 600256 因子保存完成: rows=1569
2026-06-28 18:11:23 INFO [376/610] 600259 因子保存完成: rows=1569
2026-06-28 18:11:23 INFO [377/610] 600276 因子保存完成: rows=1569
2026-06-28 18:11:23 INFO [378/610] 600301 因子保存完成: rows=1556
2026-06-28 18:11:23 INFO [379/610] 600309 因子保存完成: rows=1569
2026-06-28 18:11:23 INFO [380/610] 600330 因子保存完成: rows=1569
2026-06-28 18:11:24 INFO [381/610] 600331 因子保存完成: rows=1568
2026-06-28 18:11:24 INFO [382/610] 600345 因子保存完成: rows=1559
2026-06-28 18:11:24 INFO [383/610] 600346 因子保存完成: rows=1569
2026-06-28 18:11:24 INFO [384/610] 600352 因子保存完成: rows=1569
2026-06-28 18:11:24 INFO [385/610] 600353 因子保存完成: rows=1569
2026-06-28 18:11:24 INFO [386/610] 600362 因子保存完成: rows=1569
2026-06-28 18:11:24 INFO [387/610] 600378 因子保存完成: rows=1559
2026-06-28 18:11:24 INFO [388/610] 600392 因子保存完成: rows=1569
2026-06-28 18:11:24 INFO [389/610] 600396 因子保存完成: rows=1566
2026-06-28 18:11:24 INFO [390/610] 600397 因子保存完成: rows=1569
2026-06-28 18:11:24 INFO [391/610] 600406 因子保存完成: rows=1569
2026-06-28 18:11:24 INFO [392/610] 600415 因子保存完成: rows=1569
2026-06-28 18:11:24 INFO [393/610] 600418 因子保存完成: rows=1569
2026-06-28 18:11:24 INFO [394/610] 600426 因子保存完成: rows=1569
2026-06-28 18:11:24 INFO [395/610] 600438 因子保存完成: rows=1559
2026-06-28 18:11:25 INFO [396/610] 600459 因子保存完成: rows=1563
2026-06-28 18:11:25 INFO [397/610] 600460 因子保存完成: rows=1558
2026-06-28 18:11:25 INFO [398/610] 600482 因子保存完成: rows=1559
2026-06-28 18:11:25 INFO [399/610] 600487 因子保存完成: rows=1569
2026-06-28 18:11:25 INFO [400/610] 600489 因子保存完成: rows=1569
2026-06-28 18:11:25 INFO [401/610] 600497 因子保存完成: rows=1569
2026-06-28 18:11:25 INFO [402/610] 600498 因子保存完成: rows=1569
2026-06-28 18:11:25 INFO [403/610] 600499 因子保存完成: rows=1559
2026-06-28 18:11:25 INFO [404/610] 600500 因子保存完成: rows=1560
2026-06-28 18:11:25 INFO [405/610] 600516 因子保存完成: rows=1569
2026-06-28 18:11:25 INFO [406/610] 600519 因子保存完成: rows=1569
2026-06-28 18:11:25 INFO [407/610] 600522 因子保存完成: rows=1569
2026-06-28 18:11:25 INFO [408/610] 600547 因子保存完成: rows=1568
2026-06-28 18:11:25 INFO [409/610] 600549 因子保存完成: rows=1569
2026-06-28 18:11:25 INFO [410/610] 600552 因子保存完成: rows=1569
2026-06-28 18:11:25 INFO [411/610] 600563 因子保存完成: rows=1569
2026-06-28 18:11:26 INFO [412/610] 600570 因子保存完成: rows=1569
2026-06-28 18:11:26 INFO [413/610] 600577 因子保存完成: rows=1569
2026-06-28 18:11:26 INFO [414/610] 600578 因子保存完成: rows=1569
2026-06-28 18:11:26 INFO [415/610] 600580 因子保存完成: rows=1569
2026-06-28 18:11:26 INFO [416/610] 600584 因子保存完成: rows=1564
2026-06-28 18:11:26 INFO [417/610] 600585 因子保存完成: rows=1569
2026-06-28 18:11:26 INFO [418/610] 600596 因子保存完成: rows=1561
2026-06-28 18:11:26 INFO [419/610] 600601 因子保存完成: rows=1565
2026-06-28 18:11:26 INFO [420/610] 600602 因子保存完成: rows=1569
2026-06-28 18:11:26 INFO [421/610] 600641 因子保存完成: rows=1568
2026-06-28 18:11:26 INFO [422/610] 600660 因子保存完成: rows=1569
2026-06-28 18:11:26 INFO [423/610] 600667 因子保存完成: rows=1569
2026-06-28 18:11:26 INFO [424/610] 600673 因子保存完成: rows=1550
2026-06-28 18:11:26 INFO [425/610] 600690 因子保存完成: rows=1567
2026-06-28 18:11:26 INFO [426/610] 600699 因子保存完成: rows=1569
2026-06-28 18:11:27 INFO [427/610] 600703 因子保存完成: rows=1569
2026-06-28 18:11:27 INFO [428/610] 600707 因子保存完成: rows=1568
2026-06-28 18:11:27 INFO [429/610] 600711 因子保存完成: rows=1567
2026-06-28 18:11:27 INFO [430/610] 600726 因子保存完成: rows=1559
2026-06-28 18:11:27 INFO [431/610] 600732 因子保存完成: rows=1568
2026-06-28 18:11:27 INFO [432/610] 600760 因子保存完成: rows=1569
2026-06-28 18:11:27 INFO [433/610] 600795 因子保存完成: rows=1569
2026-06-28 18:11:27 INFO [434/610] 600809 因子保存完成: rows=1569
2026-06-28 18:11:27 INFO [435/610] 600839 因子保存完成: rows=1569
2026-06-28 18:11:27 INFO [436/610] 600863 因子保存完成: rows=1561
2026-06-28 18:11:27 INFO [437/610] 600869 因子保存完成: rows=1569
2026-06-28 18:11:27 INFO [438/610] 600875 因子保存完成: rows=1569
2026-06-28 18:11:27 INFO [439/610] 600879 因子保存完成: rows=1569
2026-06-28 18:11:27 INFO [440/610] 600884 因子保存完成: rows=1569
2026-06-28 18:11:27 INFO [441/610] 600885 因子保存完成: rows=1569
2026-06-28 18:11:27 INFO [442/610] 600887 因子保存完成: rows=1569
2026-06-28 18:11:28 INFO [443/610] 600888 因子保存完成: rows=1563
2026-06-28 18:11:28 INFO [444/610] 600893 因子保存完成: rows=1568
2026-06-28 18:11:28 INFO [445/610] 600895 因子保存完成: rows=1569
2026-06-28 18:11:28 INFO [446/610] 600900 因子保存完成: rows=1558
2026-06-28 18:11:28 INFO [447/610] 600905 因子保存完成: rows=1222
2026-06-28 18:11:28 INFO [448/610] 600906 因子保存完成: rows=1246
2026-06-28 18:11:28 INFO [449/610] 600909 因子保存完成: rows=1563
2026-06-28 18:11:28 INFO [450/610] 600919 因子保存完成: rows=1563
2026-06-28 18:11:28 INFO [451/610] 600926 因子保存完成: rows=1569
2026-06-28 18:11:28 INFO [452/610] 600938 因子保存完成: rows=1013
2026-06-28 18:11:28 INFO [453/610] 600941 因子保存完成: rows=1082
2026-06-28 18:11:28 INFO [454/610] 600958 因子保存完成: rows=1553
2026-06-28 18:11:28 INFO [455/610] 600961 因子保存完成: rows=1558
2026-06-28 18:11:28 INFO [456/610] 600977 因子保存完成: rows=1569
2026-06-28 18:11:28 INFO [457/610] 600988 因子保存完成: rows=1567
2026-06-28 18:11:28 INFO [458/610] 600989 因子保存完成: rows=1569
2026-06-28 18:11:29 INFO [459/610] 600999 因子保存完成: rows=1563
2026-06-28 18:11:29 INFO [460/610] 601006 因子保存完成: rows=1569
2026-06-28 18:11:29 INFO [461/610] 601009 因子保存完成: rows=1569
2026-06-28 18:11:29 INFO [462/610] 601012 因子保存完成: rows=1569
2026-06-28 18:11:29 INFO [463/610] 601016 因子保存完成: rows=1563
2026-06-28 18:11:29 INFO [464/610] 601066 因子保存完成: rows=1569
2026-06-28 18:11:29 INFO [465/610] 601088 因子保存完成: rows=1559
2026-06-28 18:11:29 INFO [466/610] 601099 因子保存完成: rows=1569
2026-06-28 18:11:29 INFO [467/610] 601100 因子保存完成: rows=1569
2026-06-28 18:11:29 INFO [468/610] 601108 因子保存完成: rows=1563
2026-06-28 18:11:29 INFO [469/610] 601111 因子保存完成: rows=1568
2026-06-28 18:11:29 INFO [470/610] 601117 因子保存完成: rows=1569
2026-06-28 18:11:29 INFO [471/610] 601126 因子保存完成: rows=1569
2026-06-28 18:11:29 INFO [472/610] 601127 因子保存完成: rows=1568
2026-06-28 18:11:29 INFO [473/610] 601133 因子保存完成: rows=775
2026-06-28 18:11:29 INFO [474/610] 601137 因子保存完成: rows=1569
2026-06-28 18:11:30 INFO [475/610] 601138 因子保存完成: rows=1569
2026-06-28 18:11:30 INFO [476/610] 601162 因子保存完成: rows=1563
2026-06-28 18:11:30 INFO [477/610] 601166 因子保存完成: rows=1569
2026-06-28 18:11:30 INFO [478/610] 601168 因子保存完成: rows=1569
2026-06-28 18:11:30 INFO [479/610] 601169 因子保存完成: rows=1569
2026-06-28 18:11:30 INFO [480/610] 601179 因子保存完成: rows=1569
2026-06-28 18:11:30 INFO [481/610] 601208 因子保存完成: rows=1569
2026-06-28 18:11:30 INFO [482/610] 601211 因子保存完成: rows=1550
2026-06-28 18:11:30 INFO [483/610] 601212 因子保存完成: rows=1569
2026-06-28 18:11:30 INFO [484/610] 601225 因子保存完成: rows=1569
2026-06-28 18:11:30 INFO [485/610] 601231 因子保存完成: rows=1568
2026-06-28 18:11:30 INFO [486/610] 601233 因子保存完成: rows=1569
2026-06-28 18:11:30 INFO [487/610] 601288 因子保存完成: rows=1569
2026-06-28 18:11:30 INFO [488/610] 601318 因子保存完成: rows=1569
2026-06-28 18:11:30 INFO [489/610] 601319 因子保存完成: rows=1569
2026-06-28 18:11:31 INFO [490/610] 601328 因子保存完成: rows=1569
2026-06-28 18:11:31 INFO [491/610] 601336 因子保存完成: rows=1569
2026-06-28 18:11:31 INFO [492/610] 601360 因子保存完成: rows=1569
2026-06-28 18:11:31 INFO [493/610] 601377 因子保存完成: rows=1563
2026-06-28 18:11:31 INFO [494/610] 601390 因子保存完成: rows=1569
2026-06-28 18:11:31 INFO [495/610] 601398 因子保存完成: rows=1569
2026-06-28 18:11:31 INFO [496/610] 601600 因子保存完成: rows=1569
2026-06-28 18:11:31 INFO [497/610] 601601 因子保存完成: rows=1569
2026-06-28 18:11:31 INFO [498/610] 601615 因子保存完成: rows=1561
2026-06-28 18:11:31 INFO [499/610] 601628 因子保存完成: rows=1569
2026-06-28 18:11:31 INFO [500/610] 601636 因子保存完成: rows=1569
2026-06-28 18:11:31 INFO [501/610] 601658 因子保存完成: rows=1569
2026-06-28 18:11:31 INFO [502/610] 601668 因子保存完成: rows=1569
2026-06-28 18:11:31 INFO [503/610] 601669 因子保存完成: rows=1569
2026-06-28 18:11:31 INFO [504/610] 601677 因子保存完成: rows=1569
2026-06-28 18:11:32 INFO [505/610] 601688 因子保存完成: rows=1569
2026-06-28 18:11:32 INFO [506/610] 601689 因子保存完成: rows=1569
2026-06-28 18:11:32 INFO [507/610] 601696 因子保存完成: rows=1536
2026-06-28 18:11:32 INFO [508/610] 601698 因子保存完成: rows=1569
2026-06-28 18:11:32 INFO [509/610] 601699 因子保存完成: rows=1569
2026-06-28 18:11:32 INFO [510/610] 601727 因子保存完成: rows=1569
2026-06-28 18:11:32 INFO [511/610] 601728 因子保存完成: rows=1172
2026-06-28 18:11:32 INFO [512/610] 601766 因子保存完成: rows=1569
2026-06-28 18:11:32 INFO [513/610] 601788 因子保存完成: rows=1569
2026-06-28 18:11:32 INFO [514/610] 601799 因子保存完成: rows=1569
2026-06-28 18:11:32 INFO [515/610] 601816 因子保存完成: rows=1559
2026-06-28 18:11:32 INFO [516/610] 601818 因子保存完成: rows=1569
2026-06-28 18:11:32 INFO [517/610] 601857 因子保存完成: rows=1569
2026-06-28 18:11:32 INFO [518/610] 601868 因子保存完成: rows=1147
2026-06-28 18:11:32 INFO [519/610] 601869 因子保存完成: rows=1569
2026-06-28 18:11:32 INFO [520/610] 601872 因子保存完成: rows=1569
2026-06-28 18:11:33 INFO [521/610] 601877 因子保存完成: rows=1569
2026-06-28 18:11:33 INFO [522/610] 601878 因子保存完成: rows=1569
2026-06-28 18:11:33 INFO [523/610] 601881 因子保存完成: rows=1569
2026-06-28 18:11:33 INFO [524/610] 601888 因子保存完成: rows=1569
2026-06-28 18:11:33 INFO [525/610] 601899 因子保存完成: rows=1569
2026-06-28 18:11:33 INFO [526/610] 601901 因子保存完成: rows=1569
2026-06-28 18:11:33 INFO [527/610] 601916 因子保存完成: rows=1563
2026-06-28 18:11:33 INFO [528/610] 601919 因子保存完成: rows=1569
2026-06-28 18:11:33 INFO [529/610] 601933 因子保存完成: rows=1569
2026-06-28 18:11:33 INFO [530/610] 601939 因子保存完成: rows=1569
2026-06-28 18:11:33 INFO [531/610] 601958 因子保存完成: rows=1569
2026-06-28 18:11:33 INFO [532/610] 601985 因子保存完成: rows=1569
2026-06-28 18:11:33 INFO [533/610] 601988 因子保存完成: rows=1569
2026-06-28 18:11:33 INFO [534/610] 601991 因子保存完成: rows=1569
2026-06-28 18:11:33 INFO [535/610] 601995 因子保存完成: rows=1350
2026-06-28 18:11:34 INFO [536/610] 603002 因子保存完成: rows=1558
2026-06-28 18:11:34 INFO [537/610] 603005 因子保存完成: rows=1569
2026-06-28 18:11:34 INFO [538/610] 603019 因子保存完成: rows=1559
2026-06-28 18:11:34 INFO [539/610] 603026 因子保存完成: rows=1569
2026-06-28 18:11:34 INFO [540/610] 603061 因子保存完成: rows=803
2026-06-28 18:11:34 INFO [541/610] 603063 因子保存完成: rows=1569
2026-06-28 18:11:34 INFO [542/610] 603067 因子保存完成: rows=1558
2026-06-28 18:11:34 INFO [543/610] 603083 因子保存完成: rows=1569
2026-06-28 18:11:34 INFO [544/610] 603115 因子保存完成: rows=1569
2026-06-28 18:11:34 INFO [545/610] 603119 因子保存完成: rows=702
2026-06-28 18:11:34 INFO [546/610] 603124 因子保存完成: rows=308
2026-06-28 18:11:34 INFO [547/610] 603127 因子保存完成: rows=1569
2026-06-28 18:11:34 INFO [548/610] 603129 因子保存完成: rows=1569
2026-06-28 18:11:34 INFO [549/610] 603156 因子保存完成: rows=1569
2026-06-28 18:11:34 INFO [550/610] 603179 因子保存完成: rows=1569
2026-06-28 18:11:34 INFO [551/610] 603186 因子保存完成: rows=1569
2026-06-28 18:11:34 INFO [552/610] 603203 因子保存完成: rows=1569
2026-06-28 18:11:35 INFO [553/610] 603225 因子保存完成: rows=1569
2026-06-28 18:11:35 INFO [554/610] 603228 因子保存完成: rows=1569
2026-06-28 18:11:35 INFO [555/610] 603256 因子保存完成: rows=1569
2026-06-28 18:11:35 INFO [556/610] 603259 因子保存完成: rows=1569
2026-06-28 18:11:35 INFO [557/610] 603260 因子保存完成: rows=1569
2026-06-28 18:11:35 INFO [558/610] 603268 因子保存完成: rows=1559
2026-06-28 18:11:35 INFO [559/610] 603283 因子保存完成: rows=1569
2026-06-28 18:11:35 INFO [560/610] 603288 因子保存完成: rows=1569
2026-06-28 18:11:35 INFO [561/610] 603290 因子保存完成: rows=1552
2026-06-28 18:11:35 INFO [562/610] 603296 因子保存完成: rows=697
2026-06-28 18:11:35 INFO [563/610] 603306 因子保存完成: rows=1557
2026-06-28 18:11:35 INFO [564/610] 603308 因子保存完成: rows=1569
2026-06-28 18:11:35 INFO [565/610] 603341 因子保存完成: rows=562
2026-06-28 18:11:35 INFO [566/610] 603379 因子保存完成: rows=1569
2026-06-28 18:11:35 INFO [567/610] 603444 因子保存完成: rows=1569
2026-06-28 18:11:35 INFO [568/610] 603501 因子保存完成: rows=1569
2026-06-28 18:11:36 INFO [569/610] 603516 因子保存完成: rows=1569
2026-06-28 18:11:36 INFO [570/610] 603588 因子保存完成: rows=1568
2026-06-28 18:11:36 INFO [571/610] 603596 因子保存完成: rows=1569
2026-06-28 18:11:36 INFO [572/610] 603606 因子保存完成: rows=1569
2026-06-28 18:11:36 INFO [573/610] 603618 因子保存完成: rows=1569
2026-06-28 18:11:36 INFO [574/610] 603629 因子保存完成: rows=1569
2026-06-28 18:11:36 INFO [575/610] 603650 因子保存完成: rows=1569
2026-06-28 18:11:36 INFO [576/610] 603659 因子保存完成: rows=1569
2026-06-28 18:11:36 INFO [577/610] 603663 因子保存完成: rows=1569
2026-06-28 18:11:36 INFO [578/610] 603667 因子保存完成: rows=1569
2026-06-28 18:11:36 INFO [579/610] 603678 因子保存完成: rows=1569
2026-06-28 18:11:36 INFO [580/610] 603688 因子保存完成: rows=1569
2026-06-28 18:11:36 INFO [581/610] 603698 因子保存完成: rows=1569
2026-06-28 18:11:36 INFO [582/610] 603728 因子保存完成: rows=1569
2026-06-28 18:11:36 INFO [583/610] 603738 因子保存完成: rows=1569
2026-06-28 18:11:37 INFO [584/610] 603773 因子保存完成: rows=1569
2026-06-28 18:11:37 INFO [585/610] 603799 因子保存完成: rows=1569
2026-06-28 18:11:37 INFO [586/610] 603806 因子保存完成: rows=1569
2026-06-28 18:11:37 INFO [587/610] 603823 因子保存完成: rows=1569
2026-06-28 18:11:37 INFO [588/610] 603876 因子保存完成: rows=1569
2026-06-28 18:11:37 INFO [589/610] 603881 因子保存完成: rows=1569
2026-06-28 18:11:37 INFO [590/610] 603893 因子保存完成: rows=1549
2026-06-28 18:11:37 INFO [591/610] 603906 因子保存完成: rows=1569
2026-06-28 18:11:37 INFO [592/610] 603920 因子保存完成: rows=1566
2026-06-28 18:11:37 INFO [593/610] 603929 因子保存完成: rows=1569
2026-06-28 18:11:37 INFO [594/610] 603938 因子保存完成: rows=1569
2026-06-28 18:11:37 INFO [595/610] 603950 因子保存完成: rows=1466
2026-06-28 18:11:37 INFO [596/610] 603979 因子保存完成: rows=1569
2026-06-28 18:11:37 INFO [597/610] 603986 因子保存完成: rows=1569
2026-06-28 18:11:37 INFO [598/610] 603989 因子保存完成: rows=1569
2026-06-28 18:11:37 INFO [599/610] 603993 因子保存完成: rows=1569
2026-06-28 18:11:38 INFO [600/610] 605020 因子保存完成: rows=1202
2026-06-28 18:11:38 INFO [601/610] 605090 因子保存完成: rows=1223
2026-06-28 18:11:38 INFO [602/610] 605111 因子保存完成: rows=1389
2026-06-28 18:11:38 INFO [603/610] 605117 因子保存完成: rows=1256
2026-06-28 18:11:38 INFO [604/610] 605289 因子保存完成: rows=1252
2026-06-28 18:11:38 INFO [605/610] 605358 因子保存完成: rows=1400
2026-06-28 18:11:38 INFO [606/610] 605376 因子保存完成: rows=1344
2026-06-28 18:11:38 INFO [607/610] 605499 因子保存完成: rows=1232
2026-06-28 18:11:38 INFO [608/610] 605589 因子保存完成: rows=1180
2026-06-28 18:11:38 INFO [609/610] 689009 因子保存完成: rows=1372
2026-06-28 18:11:38 INFO [610/610] 920438 因子保存完成: rows=546
2026-06-28 18:11:38 INFO 第3步完成: 成功=610, 跳过=0, 失败=0, 输出目录=E:\private_work\A-kid\features_data
=== STEP4 labels ===
2026-06-28 18:11:38 INFO 第4步开始: 待处理因子文件=610
2026-06-28 18:11:39 INFO [1/610] 000001 标签保存完成: rows=1567, positive_rate=0.1149
2026-06-28 18:11:39 INFO [2/610] 000002 标签保存完成: rows=1567, positive_rate=0.1302
2026-06-28 18:11:39 INFO [3/610] 000021 标签保存完成: rows=1567, positive_rate=0.2093
2026-06-28 18:11:39 INFO [4/610] 000032 标签保存完成: rows=1556, positive_rate=0.2153
2026-06-28 18:11:39 INFO [5/610] 000034 标签保存完成: rows=1567, positive_rate=0.2246
2026-06-28 18:11:39 INFO [6/610] 000050 标签保存完成: rows=1567, positive_rate=0.1142
2026-06-28 18:11:39 INFO [7/610] 000060 标签保存完成: rows=1567, positive_rate=0.1423
2026-06-28 18:11:39 INFO [8/610] 000062 标签保存完成: rows=1567, positive_rate=0.1704
2026-06-28 18:11:39 INFO [9/610] 000063 标签保存完成: rows=1566, positive_rate=0.1711
2026-06-28 18:11:39 INFO [10/610] 000066 标签保存完成: rows=1567, positive_rate=0.1940
2026-06-28 18:11:39 INFO [11/610] 000100 标签保存完成: rows=1566, positive_rate=0.1609
2026-06-28 18:11:39 INFO [12/610] 000157 标签保存完成: rows=1567, positive_rate=0.1615
2026-06-28 18:11:39 INFO [13/610] 000166 标签保存完成: rows=1567, positive_rate=0.0683
2026-06-28 18:11:39 INFO [14/610] 000333 标签保存完成: rows=1567, positive_rate=0.1442
2026-06-28 18:11:39 INFO [15/610] 000338 标签保存完成: rows=1567, positive_rate=0.1678
2026-06-28 18:11:40 INFO [16/610] 000400 标签保存完成: rows=1567, positive_rate=0.2017
2026-06-28 18:11:40 INFO [17/610] 000408 标签保存完成: rows=1560, positive_rate=0.2654
2026-06-28 18:11:40 INFO [18/610] 000425 标签保存完成: rows=1544, positive_rate=0.1600
2026-06-28 18:11:40 INFO [19/610] 000426 标签保存完成: rows=1567, positive_rate=0.2208
2026-06-28 18:11:40 INFO [20/610] 000519 标签保存完成: rows=1567, positive_rate=0.2055
2026-06-28 18:11:40 INFO [21/610] 000539 标签保存完成: rows=1567, positive_rate=0.1410
2026-06-28 18:11:40 INFO [22/610] 000547 标签保存完成: rows=1567, positive_rate=0.1857
2026-06-28 18:11:40 INFO [23/610] 000559 标签保存完成: rows=1557, positive_rate=0.1805
2026-06-28 18:11:40 INFO [24/610] 000568 标签保存完成: rows=1567, positive_rate=0.2010
2026-06-28 18:11:40 INFO [25/610] 000617 标签保存完成: rows=1567, positive_rate=0.1321
2026-06-28 18:11:40 INFO [26/610] 000620 标签保存完成: rows=1564, positive_rate=0.2072
2026-06-28 18:11:40 INFO [27/610] 000625 标签保存完成: rows=1567, positive_rate=0.1883
2026-06-28 18:11:40 INFO [28/610] 000629 标签保存完成: rows=1567, positive_rate=0.1417
2026-06-28 18:11:40 INFO [29/610] 000630 标签保存完成: rows=1557, positive_rate=0.1811
2026-06-28 18:11:40 INFO [30/610] 000636 标签保存完成: rows=1567, positive_rate=0.1953
2026-06-28 18:11:41 INFO [31/610] 000651 标签保存完成: rows=1567, positive_rate=0.1244
2026-06-28 18:11:41 INFO [32/610] 000657 标签保存完成: rows=1557, positive_rate=0.2396
2026-06-28 18:11:41 INFO [33/610] 000672 标签保存完成: rows=1567, positive_rate=0.1812
2026-06-28 18:11:41 INFO [34/610] 000688 标签保存完成: rows=1567, positive_rate=0.2202
2026-06-28 18:11:41 INFO [35/610] 000703 标签保存完成: rows=1567, positive_rate=0.1295
2026-06-28 18:11:41 INFO [36/610] 000725 标签保存完成: rows=1567, positive_rate=0.1264
2026-06-28 18:11:41 INFO [37/610] 000728 标签保存完成: rows=1561, positive_rate=0.1006
2026-06-28 18:11:41 INFO [38/610] 000733 标签保存完成: rows=1567, positive_rate=0.2214
2026-06-28 18:11:41 INFO [39/610] 000737 标签保存完成: rows=1555, positive_rate=0.2051
2026-06-28 18:11:41 INFO [40/610] 000766 标签保存完成: rows=1567, positive_rate=0.1997
2026-06-28 18:11:41 INFO [41/610] 000768 标签保存完成: rows=1567, positive_rate=0.1755
2026-06-28 18:11:41 INFO [42/610] 000776 标签保存完成: rows=1567, positive_rate=0.1340
2026-06-28 18:11:41 INFO [43/610] 000783 标签保存完成: rows=1567, positive_rate=0.1085
2026-06-28 18:11:41 INFO [44/610] 000792 标签保存完成: rows=1255, positive_rate=0.1530
2026-06-28 18:11:41 INFO [45/610] 000807 标签保存完成: rows=1567, positive_rate=0.2642
2026-06-28 18:11:42 INFO [46/610] 000811 标签保存完成: rows=1567, positive_rate=0.2438
2026-06-28 18:11:42 INFO [47/610] 000830 标签保存完成: rows=1557, positive_rate=0.1972
2026-06-28 18:11:42 INFO [48/610] 000831 标签保存完成: rows=1567, positive_rate=0.2119
2026-06-28 18:11:42 INFO [49/610] 000858 标签保存完成: rows=1567, positive_rate=0.1557
2026-06-28 18:11:42 INFO [50/610] 000878 标签保存完成: rows=1558, positive_rate=0.1772
2026-06-28 18:11:42 INFO [51/610] 000887 标签保存完成: rows=1567, positive_rate=0.2170
2026-06-28 18:11:42 INFO [52/610] 000933 标签保存完成: rows=1557, positive_rate=0.2877
2026-06-28 18:11:42 INFO [53/610] 000938 标签保存完成: rows=1567, positive_rate=0.1959
2026-06-28 18:11:42 INFO [54/610] 000960 标签保存完成: rows=1567, positive_rate=0.2157
2026-06-28 18:11:42 INFO [55/610] 000962 标签保存完成: rows=1567, positive_rate=0.2419
2026-06-28 18:11:42 INFO [56/610] 000963 标签保存完成: rows=1567, positive_rate=0.1832
2026-06-28 18:11:42 INFO [57/610] 000967 标签保存完成: rows=1567, positive_rate=0.1391
2026-06-28 18:11:42 INFO [58/610] 000969 标签保存完成: rows=1567, positive_rate=0.1953
2026-06-28 18:11:42 INFO [59/610] 000973 标签保存完成: rows=1557, positive_rate=0.1651
2026-06-28 18:11:42 INFO [60/610] 000975 标签保存完成: rows=1562, positive_rate=0.2298
2026-06-28 18:11:43 INFO [61/610] 000977 标签保存完成: rows=1561, positive_rate=0.2133
2026-06-28 18:11:43 INFO [62/610] 000981 标签保存完成: rows=1556, positive_rate=0.2102
2026-06-28 18:11:43 INFO [63/610] 000988 标签保存完成: rows=1567, positive_rate=0.2291
2026-06-28 18:11:43 INFO [64/610] 001203 标签保存完成: rows=1243, positive_rate=0.1593
2026-06-28 18:11:43 INFO [65/610] 001267 标签保存完成: rows=1110, positive_rate=0.2423
2026-06-28 18:11:43 INFO [66/610] 001270 标签保存完成: rows=978, positive_rate=0.2802
2026-06-28 18:11:43 INFO [67/610] 001287 标签保存完成: rows=776, positive_rate=0.1997
2026-06-28 18:11:43 INFO [68/610] 001309 标签保存完成: rows=964, positive_rate=0.3081
2026-06-28 18:11:43 INFO [69/610] 001339 标签保存完成: rows=933, positive_rate=0.2626
2026-06-28 18:11:43 INFO [70/610] 001359 标签保存完成: rows=541, positive_rate=0.2421
2026-06-28 18:11:43 INFO [71/610] 001389 标签保存完成: rows=538, positive_rate=0.2565
2026-06-28 18:11:43 INFO [72/610] 001696 标签保存完成: rows=1567, positive_rate=0.1978
2026-06-28 18:11:43 INFO [73/610] 001896 标签保存完成: rows=1556, positive_rate=0.1973
2026-06-28 18:11:43 INFO [74/610] 002001 标签保存完成: rows=1567, positive_rate=0.1493
2026-06-28 18:11:43 INFO [75/610] 002008 标签保存完成: rows=1567, positive_rate=0.2010
2026-06-28 18:11:43 INFO [76/610] 002015 标签保存完成: rows=1567, positive_rate=0.2195
2026-06-28 18:11:43 INFO [77/610] 002025 标签保存完成: rows=1567, positive_rate=0.2183
2026-06-28 18:11:43 INFO [78/610] 002027 标签保存完成: rows=1567, positive_rate=0.1825
2026-06-28 18:11:44 INFO [79/610] 002028 标签保存完成: rows=1567, positive_rate=0.2100
2026-06-28 18:11:44 INFO [80/610] 002046 标签保存完成: rows=1567, positive_rate=0.2527
2026-06-28 18:11:44 INFO [81/610] 002049 标签保存完成: rows=1556, positive_rate=0.2102
2026-06-28 18:11:44 INFO [82/610] 002050 标签保存完成: rows=1567, positive_rate=0.2310
2026-06-28 18:11:44 INFO [83/610] 002056 标签保存完成: rows=1567, positive_rate=0.2253
2026-06-28 18:11:44 INFO [84/610] 002074 标签保存完成: rows=1560, positive_rate=0.2051
2026-06-28 18:11:44 INFO [85/610] 002080 标签保存完成: rows=1557, positive_rate=0.2370
2026-06-28 18:11:44 INFO [86/610] 002085 标签保存完成: rows=1567, positive_rate=0.1838
2026-06-28 18:11:44 INFO [87/610] 002126 标签保存完成: rows=1567, positive_rate=0.2336
2026-06-28 18:11:44 INFO [88/610] 002129 标签保存完成: rows=1567, positive_rate=0.2036
2026-06-28 18:11:44 INFO [89/610] 002130 标签保存完成: rows=1567, positive_rate=0.2151
2026-06-28 18:11:44 INFO [90/610] 002131 标签保存完成: rows=1564, positive_rate=0.1841
2026-06-28 18:11:45 INFO [91/610] 002138 标签保存完成: rows=1567, positive_rate=0.1921
2026-06-28 18:11:45 INFO [92/610] 002142 标签保存完成: rows=1561, positive_rate=0.1422
2026-06-28 18:11:45 INFO [93/610] 002149 标签保存完成: rows=1567, positive_rate=0.2291
2026-06-28 18:11:45 INFO [94/610] 002155 标签保存完成: rows=1557, positive_rate=0.2158
2026-06-28 18:11:45 INFO [95/610] 002156 标签保存完成: rows=1567, positive_rate=0.2131
2026-06-28 18:11:45 INFO [96/610] 002171 标签保存完成: rows=1567, positive_rate=0.2017
2026-06-28 18:11:45 INFO [97/610] 002179 标签保存完成: rows=1567, positive_rate=0.1698
2026-06-28 18:11:45 INFO [98/610] 002180 标签保存完成: rows=1558, positive_rate=0.1752
2026-06-28 18:11:45 INFO [99/610] 002185 标签保存完成: rows=1557, positive_rate=0.1586
2026-06-28 18:11:45 INFO [100/610] 002192 标签保存完成: rows=1565, positive_rate=0.2473
2026-06-28 18:11:45 INFO [101/610] 002195 标签保存完成: rows=1567, positive_rate=0.1704
2026-06-28 18:11:45 INFO [102/610] 002202 标签保存完成: rows=1567, positive_rate=0.1659
2026-06-28 18:11:45 INFO [103/610] 002203 标签保存完成: rows=1567, positive_rate=0.1334
2026-06-28 18:11:45 INFO [104/610] 002222 标签保存完成: rows=1567, positive_rate=0.2317
2026-06-28 18:11:45 INFO [105/610] 002230 标签保存完成: rows=1567, positive_rate=0.1659
2026-06-28 18:11:46 INFO [106/610] 002236 标签保存完成: rows=1567, positive_rate=0.1742
2026-06-28 18:11:46 INFO [107/610] 002240 标签保存完成: rows=1567, positive_rate=0.2585
2026-06-28 18:11:46 INFO [108/610] 002241 标签保存完成: rows=1567, positive_rate=0.2259
2026-06-28 18:11:46 INFO [109/610] 002245 标签保存完成: rows=1563, positive_rate=0.2450
2026-06-28 18:11:46 INFO [110/610] 002261 标签保存完成: rows=1567, positive_rate=0.2297
2026-06-28 18:11:46 INFO [111/610] 002271 标签保存完成: rows=1567, positive_rate=0.2151
2026-06-28 18:11:46 INFO [112/610] 002273 标签保存完成: rows=1567, positive_rate=0.2176
2026-06-28 18:11:46 INFO [113/610] 002281 标签保存完成: rows=1567, positive_rate=0.2176
2026-06-28 18:11:46 INFO [114/610] 002290 标签保存完成: rows=1565, positive_rate=0.2121
2026-06-28 18:11:46 INFO [115/610] 002294 标签保存完成: rows=1567, positive_rate=0.1793
2026-06-28 18:11:46 INFO [116/610] 002326 标签保存完成: rows=1562, positive_rate=0.2362
2026-06-28 18:11:46 INFO [117/610] 002335 标签保存完成: rows=1567, positive_rate=0.2699
2026-06-28 18:11:46 INFO [118/610] 002340 标签保存完成: rows=1567, positive_rate=0.1615
2026-06-28 18:11:46 INFO [119/610] 002352 标签保存完成: rows=1564, positive_rate=0.1381
2026-06-28 18:11:46 INFO [120/610] 002353 标签保存完成: rows=1567, positive_rate=0.2393
2026-06-28 18:11:47 INFO [121/610] 002364 标签保存完成: rows=1567, positive_rate=0.2112
2026-06-28 18:11:47 INFO [122/610] 002371 标签保存完成: rows=1567, positive_rate=0.2374
2026-06-28 18:11:47 INFO [123/610] 002378 标签保存完成: rows=1567, positive_rate=0.2176
2026-06-28 18:11:47 INFO [124/610] 002384 标签保存完成: rows=1567, positive_rate=0.2534
2026-06-28 18:11:47 INFO [125/610] 002402 标签保存完成: rows=1567, positive_rate=0.2176
2026-06-28 18:11:47 INFO [126/610] 002407 标签保存完成: rows=1567, positive_rate=0.2297
2026-06-28 18:11:47 INFO [127/610] 002409 标签保存完成: rows=1567, positive_rate=0.2476
2026-06-28 18:11:47 INFO [128/610] 002414 标签保存完成: rows=1567, positive_rate=0.1832
2026-06-28 18:11:47 INFO [129/610] 002415 标签保存完成: rows=1567, positive_rate=0.1538
2026-06-28 18:11:47 INFO [130/610] 002422 标签保存完成: rows=1567, positive_rate=0.1710
2026-06-28 18:11:47 INFO [131/610] 002428 标签保存完成: rows=1567, positive_rate=0.2317
2026-06-28 18:11:47 INFO [132/610] 002429 标签保存完成: rows=1562, positive_rate=0.1818
2026-06-28 18:11:47 INFO [133/610] 002430 标签保存完成: rows=1567, positive_rate=0.2246
2026-06-28 18:11:47 INFO [134/610] 002432 标签保存完成: rows=1567, positive_rate=0.2144
2026-06-28 18:11:47 INFO [135/610] 002436 标签保存完成: rows=1567, positive_rate=0.2585
2026-06-28 18:11:48 INFO [136/610] 002444 标签保存完成: rows=1567, positive_rate=0.2297
2026-06-28 18:11:48 INFO [137/610] 002456 标签保存完成: rows=1557, positive_rate=0.1798
2026-06-28 18:11:48 INFO [138/610] 002459 标签保存完成: rows=1567, positive_rate=0.2355
2026-06-28 18:11:48 INFO [139/610] 002460 标签保存完成: rows=1567, positive_rate=0.2380
2026-06-28 18:11:48 INFO [140/610] 002463 标签保存完成: rows=1567, positive_rate=0.2534
2026-06-28 18:11:48 INFO [141/610] 002465 标签保存完成: rows=1567, positive_rate=0.1621
2026-06-28 18:11:48 INFO [142/610] 002466 标签保存完成: rows=1567, positive_rate=0.2553
2026-06-28 18:11:48 INFO [143/610] 002472 标签保存完成: rows=1567, positive_rate=0.2374
2026-06-28 18:11:48 INFO [144/610] 002475 标签保存完成: rows=1567, positive_rate=0.2246
2026-06-28 18:11:48 INFO [145/610] 002484 标签保存完成: rows=1567, positive_rate=0.2597
2026-06-28 18:11:48 INFO [146/610] 002487 标签保存完成: rows=1567, positive_rate=0.2444
2026-06-28 18:11:48 INFO [147/610] 002491 标签保存完成: rows=1567, positive_rate=0.1870
2026-06-28 18:11:48 INFO [148/610] 002493 标签保存完成: rows=1567, positive_rate=0.1615
2026-06-28 18:11:48 INFO [149/610] 002497 标签保存完成: rows=1567, positive_rate=0.2221
2026-06-28 18:11:48 INFO [150/610] 002517 标签保存完成: rows=1567, positive_rate=0.2419
2026-06-28 18:11:49 INFO [151/610] 002518 标签保存完成: rows=1567, positive_rate=0.2502
2026-06-28 18:11:49 INFO [152/610] 002532 标签保存完成: rows=1566, positive_rate=0.2350
2026-06-28 18:11:49 INFO [153/610] 002536 标签保存完成: rows=1567, positive_rate=0.2616
2026-06-28 18:11:49 INFO [154/610] 002552 标签保存完成: rows=1554, positive_rate=0.1885
2026-06-28 18:11:49 INFO [155/610] 002555 标签保存完成: rows=1567, positive_rate=0.2310
2026-06-28 18:11:49 INFO [156/610] 002558 标签保存完成: rows=1567, positive_rate=0.1940
2026-06-28 18:11:49 INFO [157/610] 002594 标签保存完成: rows=1567, positive_rate=0.1985
2026-06-28 18:11:49 INFO [158/610] 002600 标签保存完成: rows=1567, positive_rate=0.1959
2026-06-28 18:11:49 INFO [159/610] 002601 标签保存完成: rows=1567, positive_rate=0.1940
2026-06-28 18:11:49 INFO [160/610] 002602 标签保存完成: rows=1565, positive_rate=0.2243
2026-06-28 18:11:49 INFO [161/610] 002611 标签保存完成: rows=1567, positive_rate=0.1812
2026-06-28 18:11:49 INFO [162/610] 002624 标签保存完成: rows=1567, positive_rate=0.2189
2026-06-28 18:11:49 INFO [163/610] 002625 标签保存完成: rows=1567, positive_rate=0.1889
2026-06-28 18:11:49 INFO [164/610] 002636 标签保存完成: rows=1567, positive_rate=0.2323
2026-06-28 18:11:49 INFO [165/610] 002645 标签保存完成: rows=1566, positive_rate=0.2382
2026-06-28 18:11:49 INFO [166/610] 002648 标签保存完成: rows=1567, positive_rate=0.2157
2026-06-28 18:11:50 INFO [167/610] 002709 标签保存完成: rows=1567, positive_rate=0.2648
2026-06-28 18:11:50 INFO [168/610] 002714 标签保存完成: rows=1567, positive_rate=0.1710
2026-06-28 18:11:50 INFO [169/610] 002716 标签保存完成: rows=1555, positive_rate=0.1904
2026-06-28 18:11:50 INFO [170/610] 002736 标签保存完成: rows=1557, positive_rate=0.1040
2026-06-28 18:11:50 INFO [171/610] 002738 标签保存完成: rows=1567, positive_rate=0.2763
2026-06-28 18:11:50 INFO [172/610] 002747 标签保存完成: rows=1567, positive_rate=0.2317
2026-06-28 18:11:50 INFO [173/610] 002756 标签保存完成: rows=1567, positive_rate=0.2706
2026-06-28 18:11:50 INFO [174/610] 002768 标签保存完成: rows=1567, positive_rate=0.1589
2026-06-28 18:11:50 INFO [175/610] 002797 标签保存完成: rows=1567, positive_rate=0.1130
2026-06-28 18:11:50 INFO [176/610] 002812 标签保存完成: rows=1552, positive_rate=0.2378
2026-06-28 18:11:50 INFO [177/610] 002815 标签保存完成: rows=1567, positive_rate=0.1761
2026-06-28 18:11:50 INFO [178/610] 002821 标签保存完成: rows=1567, positive_rate=0.2227
2026-06-28 18:11:50 INFO [179/610] 002831 标签保存完成: rows=1567, positive_rate=0.1627
2026-06-28 18:11:50 INFO [180/610] 002837 标签保存完成: rows=1567, positive_rate=0.2814
2026-06-28 18:11:50 INFO [181/610] 002850 标签保存完成: rows=1567, positive_rate=0.2572
2026-06-28 18:11:51 INFO [182/610] 002851 标签保存完成: rows=1567, positive_rate=0.2348
2026-06-28 18:11:51 INFO [183/610] 002859 标签保存完成: rows=1557, positive_rate=0.2010
2026-06-28 18:11:51 INFO [184/610] 002916 标签保存完成: rows=1567, positive_rate=0.2342
2026-06-28 18:11:51 INFO [185/610] 002920 标签保存完成: rows=1567, positive_rate=0.2463
2026-06-28 18:11:51 INFO [186/610] 002938 标签保存完成: rows=1567, positive_rate=0.2285
2026-06-28 18:11:51 INFO [187/610] 002947 标签保存完成: rows=1567, positive_rate=0.2285
2026-06-28 18:11:51 INFO [188/610] 002957 标签保存完成: rows=1567, positive_rate=0.2131
2026-06-28 18:11:51 INFO [189/610] 002975 标签保存完成: rows=1549, positive_rate=0.2492
2026-06-28 18:11:51 INFO [190/610] 002980 标签保存完成: rows=1500, positive_rate=0.1927
2026-06-28 18:11:51 INFO [191/610] 003022 标签保存完成: rows=1342, positive_rate=0.2146
2026-06-28 18:11:51 INFO [192/610] 003031 标签保存完成: rows=1314, positive_rate=0.2412
2026-06-28 18:11:51 INFO [193/610] 003036 标签保存完成: rows=1306, positive_rate=0.2044
2026-06-28 18:11:51 INFO [194/610] 300001 标签保存完成: rows=1567, positive_rate=0.1902
2026-06-28 18:11:51 INFO [195/610] 300005 标签保存完成: rows=1564, positive_rate=0.2072
2026-06-28 18:11:51 INFO [196/610] 300014 标签保存完成: rows=1567, positive_rate=0.2476
2026-06-28 18:11:52 INFO [197/610] 300015 标签保存完成: rows=1566, positive_rate=0.1622
2026-06-28 18:11:52 INFO [198/610] 300017 标签保存完成: rows=1567, positive_rate=0.2029
2026-06-28 18:11:52 INFO [199/610] 300024 标签保存完成: rows=1567, positive_rate=0.1512
2026-06-28 18:11:52 INFO [200/610] 300033 标签保存完成: rows=1567, positive_rate=0.2036
2026-06-28 18:11:52 INFO [201/610] 300037 标签保存完成: rows=1567, positive_rate=0.2342
2026-06-28 18:11:52 INFO [202/610] 300054 标签保存完成: rows=1567, positive_rate=0.2176
2026-06-28 18:11:52 INFO [203/610] 300058 标签保存完成: rows=1567, positive_rate=0.2221
2026-06-28 18:11:52 INFO [204/610] 300059 标签保存完成: rows=1567, positive_rate=0.1615
2026-06-28 18:11:52 INFO [205/610] 300073 标签保存完成: rows=1557, positive_rate=0.2177
2026-06-28 18:11:52 INFO [206/610] 300083 标签保存完成: rows=1557, positive_rate=0.2261
2026-06-28 18:11:52 INFO [207/610] 300085 标签保存完成: rows=1567, positive_rate=0.2246
2026-06-28 18:11:52 INFO [208/610] 300088 标签保存完成: rows=1567, positive_rate=0.1800
2026-06-28 18:11:52 INFO [209/610] 300102 标签保存完成: rows=1567, positive_rate=0.2304
2026-06-28 18:11:52 INFO [210/610] 300115 标签保存完成: rows=1567, positive_rate=0.2425
2026-06-28 18:11:52 INFO [211/610] 300124 标签保存完成: rows=1567, positive_rate=0.1832
2026-06-28 18:11:53 INFO [212/610] 300131 标签保存完成: rows=1547, positive_rate=0.2314
2026-06-28 18:11:53 INFO [213/610] 300136 标签保存完成: rows=1567, positive_rate=0.2074
2026-06-28 18:11:53 INFO [214/610] 300179 标签保存完成: rows=1567, positive_rate=0.2476
2026-06-28 18:11:53 INFO [215/610] 300207 标签保存完成: rows=1567, positive_rate=0.2093
2026-06-28 18:11:53 INFO [216/610] 300209 标签保存完成: rows=1563, positive_rate=0.2342
2026-06-28 18:11:53 INFO [217/610] 300223 标签保存完成: rows=1567, positive_rate=0.2265
2026-06-28 18:11:53 INFO [218/610] 300236 标签保存完成: rows=1567, positive_rate=0.2055
2026-06-28 18:11:53 INFO [219/610] 300251 标签保存完成: rows=1567, positive_rate=0.1953
2026-06-28 18:11:53 INFO [220/610] 300255 标签保存完成: rows=1567, positive_rate=0.2049
2026-06-28 18:11:53 INFO [221/610] 300260 标签保存完成: rows=1567, positive_rate=0.2623
2026-06-28 18:11:53 INFO [222/610] 300274 标签保存完成: rows=1567, positive_rate=0.2770
2026-06-28 18:11:53 INFO [223/610] 300277 标签保存完成: rows=1547, positive_rate=0.1991
2026-06-28 18:11:53 INFO [224/610] 300285 标签保存完成: rows=1567, positive_rate=0.1985
2026-06-28 18:11:53 INFO [225/610] 300302 标签保存完成: rows=1567, positive_rate=0.2412
2026-06-28 18:11:53 INFO [226/610] 300308 标签保存完成: rows=1567, positive_rate=0.2712
2026-06-28 18:11:54 INFO [227/610] 300316 标签保存完成: rows=1567, positive_rate=0.2265
2026-06-28 18:11:54 INFO [228/610] 300319 标签保存完成: rows=1557, positive_rate=0.2248
2026-06-28 18:11:54 INFO [229/610] 300323 标签保存完成: rows=1562, positive_rate=0.2183
2026-06-28 18:11:54 INFO [230/610] 300339 标签保存完成: rows=1562, positive_rate=0.2260
2026-06-28 18:11:54 INFO [231/610] 300346 标签保存完成: rows=1559, positive_rate=0.2309
2026-06-28 18:11:54 INFO [232/610] 300347 标签保存完成: rows=1567, positive_rate=0.2361
2026-06-28 18:11:54 INFO [233/610] 300373 标签保存完成: rows=1557, positive_rate=0.2274
2026-06-28 18:11:54 INFO [234/610] 300383 标签保存完成: rows=1567, positive_rate=0.1857
2026-06-28 18:11:54 INFO [235/610] 300390 标签保存完成: rows=1567, positive_rate=0.2636
2026-06-28 18:11:54 INFO [236/610] 300394 标签保存完成: rows=1567, positive_rate=0.3121
2026-06-28 18:11:54 INFO [237/610] 300395 标签保存完成: rows=1567, positive_rate=0.2680
2026-06-28 18:11:54 INFO [238/610] 300398 标签保存完成: rows=1567, positive_rate=0.2272
2026-06-28 18:11:54 INFO [239/610] 300408 标签保存完成: rows=1567, positive_rate=0.1991
2026-06-28 18:11:54 INFO [240/610] 300418 标签保存完成: rows=1567, positive_rate=0.2195
2026-06-28 18:11:55 INFO [241/610] 300432 标签保存完成: rows=1567, positive_rate=0.2527
2026-06-28 18:11:55 INFO [242/610] 300433 标签保存完成: rows=1567, positive_rate=0.2304
2026-06-28 18:11:55 INFO [243/610] 300438 标签保存完成: rows=1563, positive_rate=0.2617
2026-06-28 18:11:55 INFO [244/610] 300442 标签保存完成: rows=1551, positive_rate=0.2334
2026-06-28 18:11:55 INFO [245/610] 300450 标签保存完成: rows=1567, positive_rate=0.2202
2026-06-28 18:11:55 INFO [246/610] 300454 标签保存完成: rows=1567, positive_rate=0.1959
2026-06-28 18:11:55 INFO [247/610] 300456 标签保存完成: rows=1567, positive_rate=0.2425
2026-06-28 18:11:55 INFO [248/610] 300458 标签保存完成: rows=1567, positive_rate=0.2399
2026-06-28 18:11:55 INFO [249/610] 300474 标签保存完成: rows=1567, positive_rate=0.2399
2026-06-28 18:11:55 INFO [250/610] 300475 标签保存完成: rows=1559, positive_rate=0.2463
2026-06-28 18:11:55 INFO [251/610] 300476 标签保存完成: rows=1567, positive_rate=0.2757
2026-06-28 18:11:55 INFO [252/610] 300487 标签保存完成: rows=1567, positive_rate=0.2144
2026-06-28 18:11:55 INFO [253/610] 300489 标签保存完成: rows=1562, positive_rate=0.2305
2026-06-28 18:11:55 INFO [254/610] 300496 标签保存完成: rows=1567, positive_rate=0.2253
2026-06-28 18:11:55 INFO [255/610] 300498 标签保存完成: rows=1567, positive_rate=0.1385
2026-06-28 18:11:56 INFO [256/610] 300502 标签保存完成: rows=1567, positive_rate=0.3133
2026-06-28 18:11:56 INFO [257/610] 300503 标签保存完成: rows=1567, positive_rate=0.2546
2026-06-28 18:11:56 INFO [258/610] 300548 标签保存完成: rows=1563, positive_rate=0.2706
2026-06-28 18:11:56 INFO [259/610] 300558 标签保存完成: rows=1567, positive_rate=0.2049
2026-06-28 18:11:56 INFO [260/610] 300567 标签保存完成: rows=1567, positive_rate=0.2368
2026-06-28 18:11:56 INFO [261/610] 300568 标签保存完成: rows=1567, positive_rate=0.2291
2026-06-28 18:11:56 INFO [262/610] 300570 标签保存完成: rows=1567, positive_rate=0.2648
2026-06-28 18:11:56 INFO [263/610] 300576 标签保存完成: rows=1567, positive_rate=0.2368
2026-06-28 18:11:56 INFO [264/610] 300602 标签保存完成: rows=1567, positive_rate=0.2329
2026-06-28 18:11:56 INFO [265/610] 300604 标签保存完成: rows=1557, positive_rate=0.2807
2026-06-28 18:11:56 INFO [266/610] 300620 标签保存完成: rows=1557, positive_rate=0.2749
2026-06-28 18:11:56 INFO [267/610] 300623 标签保存完成: rows=1567, positive_rate=0.2061
2026-06-28 18:11:56 INFO [268/610] 300655 标签保存完成: rows=1567, positive_rate=0.2476
2026-06-28 18:11:56 INFO [269/610] 300657 标签保存完成: rows=1560, positive_rate=0.2462
2026-06-28 18:11:56 INFO [270/610] 300661 标签保存完成: rows=1567, positive_rate=0.2342
2026-06-28 18:11:57 INFO [271/610] 300666 标签保存完成: rows=1561, positive_rate=0.2255
2026-06-28 18:11:57 INFO [272/610] 300672 标签保存完成: rows=1557, positive_rate=0.2460
2026-06-28 18:11:57 INFO [273/610] 300677 标签保存完成: rows=1567, positive_rate=0.2297
2026-06-28 18:11:57 INFO [274/610] 300679 标签保存完成: rows=1557, positive_rate=0.2299
2026-06-28 18:11:57 INFO [275/610] 300724 标签保存完成: rows=1567, positive_rate=0.2425
2026-06-28 18:11:57 INFO [276/610] 300726 标签保存完成: rows=1567, positive_rate=0.2304
2026-06-28 18:11:57 INFO [277/610] 300747 标签保存完成: rows=1567, positive_rate=0.1953
2026-06-28 18:11:57 INFO [278/610] 300748 标签保存完成: rows=1567, positive_rate=0.2093
2026-06-28 18:11:57 INFO [279/610] 300750 标签保存完成: rows=1567, positive_rate=0.2342
2026-06-28 18:11:57 INFO [280/610] 300751 标签保存完成: rows=1567, positive_rate=0.2489
2026-06-28 18:11:57 INFO [281/610] 300757 标签保存完成: rows=1547, positive_rate=0.2793
2026-06-28 18:11:57 INFO [282/610] 300759 标签保存完成: rows=1567, positive_rate=0.2387
2026-06-28 18:11:57 INFO [283/610] 300760 标签保存完成: rows=1567, positive_rate=0.1532
2026-06-28 18:11:57 INFO [284/610] 300762 标签保存完成: rows=1567, positive_rate=0.2246
2026-06-28 18:11:57 INFO [285/610] 300763 标签保存完成: rows=1567, positive_rate=0.2782
2026-06-28 18:11:58 INFO [286/610] 300776 标签保存完成: rows=1567, positive_rate=0.2348
2026-06-28 18:11:58 INFO [287/610] 300782 标签保存完成: rows=1567, positive_rate=0.2163
2026-06-28 18:11:58 INFO [288/610] 300803 标签保存完成: rows=1567, positive_rate=0.2253
2026-06-28 18:11:58 INFO [289/610] 300806 标签保存完成: rows=1567, positive_rate=0.2610
2026-06-28 18:11:58 INFO [290/610] 300811 标签保存完成: rows=1567, positive_rate=0.2540
2026-06-28 18:11:58 INFO [291/610] 300814 标签保存完成: rows=1176, positive_rate=0.2628
2026-06-28 18:11:58 INFO [292/610] 300821 标签保存完成: rows=1523, positive_rate=0.2055
2026-06-28 18:11:58 INFO [293/610] 300835 标签保存完成: rows=1475, positive_rate=0.2549
2026-06-28 18:11:58 INFO [294/610] 300843 标签保存完成: rows=1449, positive_rate=0.2512
2026-06-28 18:11:58 INFO [295/610] 300857 标签保存完成: rows=1432, positive_rate=0.2716
2026-06-28 18:11:58 INFO [296/610] 300870 标签保存完成: rows=1412, positive_rate=0.2670
2026-06-28 18:11:58 INFO [297/610] 300903 标签保存完成: rows=1365, positive_rate=0.2381
2026-06-28 18:11:58 INFO [298/610] 300919 标签保存完成: rows=1331, positive_rate=0.2059
2026-06-28 18:11:58 INFO [299/610] 300953 标签保存完成: rows=1276, positive_rate=0.2492
2026-06-28 18:11:58 INFO [300/610] 300975 标签保存完成: rows=1253, positive_rate=0.2283
2026-06-28 18:11:58 INFO [301/610] 301005 标签保存完成: rows=1227, positive_rate=0.2404
2026-06-28 18:11:59 INFO [302/610] 301018 标签保存完成: rows=1202, positive_rate=0.2795
2026-06-28 18:11:59 INFO [303/610] 301021 标签保存完成: rows=1203, positive_rate=0.2510
2026-06-28 18:11:59 INFO [304/610] 301071 标签保存完成: rows=1147, positive_rate=0.2188
2026-06-28 18:11:59 INFO [305/610] 301086 标签保存完成: rows=1134, positive_rate=0.2302
2026-06-28 18:11:59 INFO [306/610] 301093 标签保存完成: rows=1126, positive_rate=0.1838
2026-06-28 18:11:59 INFO [307/610] 301095 标签保存完成: rows=939, positive_rate=0.2268
2026-06-28 18:11:59 INFO [308/610] 301123 标签保存完成: rows=1066, positive_rate=0.2336
2026-06-28 18:11:59 INFO [309/610] 301128 标签保存完成: rows=1119, positive_rate=0.2842
2026-06-28 18:11:59 INFO [310/610] 301150 标签保存完成: rows=1011, positive_rate=0.2117
2026-06-28 18:11:59 INFO [311/610] 301165 标签保存完成: rows=869, positive_rate=0.2589
2026-06-28 18:11:59 INFO [312/610] 301171 标签保存完成: rows=926, positive_rate=0.2559
2026-06-28 18:11:59 INFO [313/610] 301196 标签保存完成: rows=1076, positive_rate=0.1738
2026-06-28 18:11:59 INFO [314/610] 301200 标签保存完成: rows=1047, positive_rate=0.2073
2026-06-28 18:11:59 INFO [315/610] 301205 标签保存完成: rows=913, positive_rate=0.3045
2026-06-28 18:11:59 INFO [316/610] 301217 标签保存完成: rows=1064, positive_rate=0.2115
2026-06-28 18:11:59 INFO [317/610] 301219 标签保存完成: rows=1034, positive_rate=0.1741
2026-06-28 18:11:59 INFO [318/610] 301236 标签保存完成: rows=1036, positive_rate=0.2336
2026-06-28 18:11:59 INFO [319/610] 301269 标签保存完成: rows=934, positive_rate=0.1906
2026-06-28 18:11:59 INFO [320/610] 301297 标签保存完成: rows=830, positive_rate=0.2289
2026-06-28 18:11:59 INFO [321/610] 301308 标签保存完成: rows=939, positive_rate=0.2652
2026-06-28 18:11:59 INFO [322/610] 301319 标签保存完成: rows=901, positive_rate=0.2575
2026-06-28 18:12:00 INFO [323/610] 301338 标签保存完成: rows=932, positive_rate=0.2661
2026-06-28 18:12:00 INFO [324/610] 301358 标签保存完成: rows=817, positive_rate=0.2203
2026-06-28 18:12:00 INFO [325/610] 301362 标签保存完成: rows=687, positive_rate=0.1936
2026-06-28 18:12:00 INFO [326/610] 301369 标签保存完成: rows=906, positive_rate=0.2660
2026-06-28 18:12:00 INFO [327/610] 301377 标签保存完成: rows=868, positive_rate=0.2961
2026-06-28 18:12:00 INFO [328/610] 301389 标签保存完成: rows=884, positive_rate=0.2568
2026-06-28 18:12:00 INFO [329/610] 301392 标签保存完成: rows=497, positive_rate=0.3159
2026-06-28 18:12:00 INFO [330/610] 301396 标签保存完成: rows=875, positive_rate=0.2960
2026-06-28 18:12:00 INFO [331/610] 301486 标签保存完成: rows=707, positive_rate=0.2885
2026-06-28 18:12:00 INFO [332/610] 301511 标签保存完成: rows=688, positive_rate=0.2936
2026-06-28 18:12:00 INFO [333/610] 301526 标签保存完成: rows=601, positive_rate=0.2429
2026-06-28 18:12:00 INFO [334/610] 301536 标签保存完成: rows=541, positive_rate=0.2458
2026-06-28 18:12:00 INFO [335/610] 301550 标签保存完成: rows=667, positive_rate=0.3193
2026-06-28 18:12:00 INFO [336/610] 301611 标签保存完成: rows=446, positive_rate=0.2713
2026-06-28 18:12:00 INFO [337/610] 301626 标签保存完成: rows=404, positive_rate=0.2599
2026-06-28 18:12:00 INFO [338/610] 600010 标签保存完成: rows=1567, positive_rate=0.1308
2026-06-28 18:12:00 INFO [339/610] 600011 标签保存完成: rows=1567, positive_rate=0.1551
2026-06-28 18:12:00 INFO [340/610] 600016 标签保存完成: rows=1567, positive_rate=0.0345
2026-06-28 18:12:00 INFO [341/610] 600021 标签保存完成: rows=1567, positive_rate=0.1500
2026-06-28 18:12:00 INFO [342/610] 600026 标签保存完成: rows=1567, positive_rate=0.2265
2026-06-28 18:12:00 INFO [343/610] 600028 标签保存完成: rows=1567, positive_rate=0.1027
2026-06-28 18:12:01 INFO [344/610] 600029 标签保存完成: rows=1567, positive_rate=0.1206
2026-06-28 18:12:01 INFO [345/610] 600030 标签保存完成: rows=1561, positive_rate=0.1083
2026-06-28 18:12:01 INFO [346/610] 600031 标签保存完成: rows=1567, positive_rate=0.1710
2026-06-28 18:12:01 INFO [347/610] 600036 标签保存完成: rows=1567, positive_rate=0.1232
2026-06-28 18:12:01 INFO [348/610] 600048 标签保存完成: rows=1567, positive_rate=0.1525
2026-06-28 18:12:01 INFO [349/610] 600066 标签保存完成: rows=1566, positive_rate=0.2746
2026-06-28 18:12:01 INFO [350/610] 600089 标签保存完成: rows=1567, positive_rate=0.1863
2026-06-28 18:12:01 INFO [351/610] 600096 标签保存完成: rows=1567, positive_rate=0.2591
2026-06-28 18:12:01 INFO [352/610] 600104 标签保存完成: rows=1567, positive_rate=0.0996
2026-06-28 18:12:01 INFO [353/610] 600105 标签保存完成: rows=1567, positive_rate=0.2527
2026-06-28 18:12:01 INFO [354/610] 600110 标签保存完成: rows=1559, positive_rate=0.2258
2026-06-28 18:12:01 INFO [355/610] 600111 标签保存完成: rows=1567, positive_rate=0.2017
2026-06-28 18:12:01 INFO [356/610] 600114 标签保存完成: rows=1557, positive_rate=0.2524
2026-06-28 18:12:01 INFO [357/610] 600115 标签保存完成: rows=1567, positive_rate=0.1200
2026-06-28 18:12:01 INFO [358/610] 600118 标签保存完成: rows=1567, positive_rate=0.1640
2026-06-28 18:12:02 INFO [359/610] 600141 标签保存完成: rows=1567, positive_rate=0.2285
2026-06-28 18:12:02 INFO [360/610] 600143 标签保存完成: rows=1567, positive_rate=0.1685
2026-06-28 18:12:02 INFO [361/610] 600150 标签保存完成: rows=1552, positive_rate=0.1566
2026-06-28 18:12:02 INFO [362/610] 600157 标签保存完成: rows=1553, positive_rate=0.1172
2026-06-28 18:12:02 INFO [363/610] 600160 标签保存完成: rows=1557, positive_rate=0.2152
2026-06-28 18:12:02 INFO [364/610] 600171 标签保存完成: rows=1567, positive_rate=0.1870
2026-06-28 18:12:02 INFO [365/610] 600172 标签保存完成: rows=1562, positive_rate=0.2343
2026-06-28 18:12:02 INFO [366/610] 600176 标签保存完成: rows=1557, positive_rate=0.2087
2026-06-28 18:12:02 INFO [367/610] 600183 标签保存完成: rows=1567, positive_rate=0.2342
2026-06-28 18:12:02 INFO [368/610] 600186 标签保存完成: rows=1565, positive_rate=0.1885
2026-06-28 18:12:02 INFO [369/610] 600188 标签保存完成: rows=1567, positive_rate=0.2744
2026-06-28 18:12:02 INFO [370/610] 600196 标签保存完成: rows=1567, positive_rate=0.1366
2026-06-28 18:12:02 INFO [371/610] 600206 标签保存完成: rows=1567, positive_rate=0.1902
2026-06-28 18:12:02 INFO [372/610] 600219 标签保存完成: rows=1567, positive_rate=0.1914
2026-06-28 18:12:03 INFO [373/610] 600226 标签保存完成: rows=1523, positive_rate=0.1727
2026-06-28 18:12:03 INFO [374/610] 600246 标签保存完成: rows=1566, positive_rate=0.2375
2026-06-28 18:12:03 INFO [375/610] 600256 标签保存完成: rows=1567, positive_rate=0.2559
2026-06-28 18:12:03 INFO [376/610] 600259 标签保存完成: rows=1567, positive_rate=0.2106
2026-06-28 18:12:03 INFO [377/610] 600276 标签保存完成: rows=1567, positive_rate=0.1334
2026-06-28 18:12:03 INFO [378/610] 600301 标签保存完成: rows=1554, positive_rate=0.2156
2026-06-28 18:12:03 INFO [379/610] 600309 标签保存完成: rows=1567, positive_rate=0.1602
2026-06-28 18:12:03 INFO [380/610] 600330 标签保存完成: rows=1567, positive_rate=0.2285
2026-06-28 18:12:03 INFO [381/610] 600331 标签保存完成: rows=1566, positive_rate=0.2037
2026-06-28 18:12:03 INFO [382/610] 600345 标签保存完成: rows=1557, positive_rate=0.1824
2026-06-28 18:12:03 INFO [383/610] 600346 标签保存完成: rows=1567, positive_rate=0.1672
2026-06-28 18:12:03 INFO [384/610] 600352 标签保存完成: rows=1567, positive_rate=0.0938
2026-06-28 18:12:03 INFO [385/610] 600353 标签保存完成: rows=1567, positive_rate=0.2348
2026-06-28 18:12:03 INFO [386/610] 600362 标签保存完成: rows=1567, positive_rate=0.1793
2026-06-28 18:12:04 INFO [387/610] 600378 标签保存完成: rows=1557, positive_rate=0.2010
2026-06-28 18:12:04 INFO [388/610] 600392 标签保存完成: rows=1567, positive_rate=0.2227
2026-06-28 18:12:04 INFO [389/610] 600396 标签保存完成: rows=1564, positive_rate=0.1765
2026-06-28 18:12:04 INFO [390/610] 600397 标签保存完成: rows=1567, positive_rate=0.2234
2026-06-28 18:12:04 INFO [391/610] 600406 标签保存完成: rows=1567, positive_rate=0.1525
2026-06-28 18:12:04 INFO [392/610] 600415 标签保存完成: rows=1567, positive_rate=0.1972
2026-06-28 18:12:04 INFO [393/610] 600418 标签保存完成: rows=1567, positive_rate=0.2342
2026-06-28 18:12:04 INFO [394/610] 600426 标签保存完成: rows=1567, positive_rate=0.1876
2026-06-28 18:12:04 INFO [395/610] 600438 标签保存完成: rows=1557, positive_rate=0.2286
2026-06-28 18:12:04 INFO [396/610] 600459 标签保存完成: rows=1561, positive_rate=0.1704
2026-06-28 18:12:04 INFO [397/610] 600460 标签保存完成: rows=1556, positive_rate=0.2018
2026-06-28 18:12:04 INFO [398/610] 600482 标签保存完成: rows=1557, positive_rate=0.1310
2026-06-28 18:12:04 INFO [399/610] 600487 标签保存完成: rows=1567, positive_rate=0.1953
2026-06-28 18:12:04 INFO [400/610] 600489 标签保存完成: rows=1567, positive_rate=0.1729
2026-06-28 18:12:05 INFO [401/610] 600497 标签保存完成: rows=1567, positive_rate=0.1723
2026-06-28 18:12:05 INFO [402/610] 600498 标签保存完成: rows=1567, positive_rate=0.1895
2026-06-28 18:12:05 INFO [403/610] 600499 标签保存完成: rows=1557, positive_rate=0.2235
2026-06-28 18:12:05 INFO [404/610] 600500 标签保存完成: rows=1558, positive_rate=0.1354
2026-06-28 18:12:05 INFO [405/610] 600516 标签保存完成: rows=1567, positive_rate=0.1436
2026-06-28 18:12:05 INFO [406/610] 600519 标签保存完成: rows=1567, positive_rate=0.1238
2026-06-28 18:12:05 INFO [407/610] 600522 标签保存完成: rows=1567, positive_rate=0.2214
2026-06-28 18:12:05 INFO [408/610] 600547 标签保存完成: rows=1566, positive_rate=0.1443
2026-06-28 18:12:05 INFO [409/610] 600549 标签保存完成: rows=1567, positive_rate=0.2036
2026-06-28 18:12:05 INFO [410/610] 600552 标签保存完成: rows=1567, positive_rate=0.2246
2026-06-28 18:12:05 INFO [411/610] 600563 标签保存完成: rows=1567, positive_rate=0.2431
2026-06-28 18:12:05 INFO [412/610] 600570 标签保存完成: rows=1567, positive_rate=0.1844
2026-06-28 18:12:05 INFO [413/610] 600577 标签保存完成: rows=1567, positive_rate=0.2227
2026-06-28 18:12:05 INFO [414/610] 600578 标签保存完成: rows=1567, positive_rate=0.1276
2026-06-28 18:12:05 INFO [415/610] 600580 标签保存完成: rows=1567, positive_rate=0.2195
2026-06-28 18:12:05 INFO [416/610] 600584 标签保存完成: rows=1562, positive_rate=0.2157
2026-06-28 18:12:05 INFO [417/610] 600585 标签保存完成: rows=1567, positive_rate=0.1015
2026-06-28 18:12:06 INFO [418/610] 600596 标签保存完成: rows=1559, positive_rate=0.1982
2026-06-28 18:12:06 INFO [419/610] 600601 标签保存完成: rows=1563, positive_rate=0.1926
2026-06-28 18:12:06 INFO [420/610] 600602 标签保存完成: rows=1567, positive_rate=0.1997
2026-06-28 18:12:06 INFO [421/610] 600641 标签保存完成: rows=1566, positive_rate=0.2280
2026-06-28 18:12:06 INFO [422/610] 600660 标签保存完成: rows=1567, positive_rate=0.1563
2026-06-28 18:12:06 INFO [423/610] 600667 标签保存完成: rows=1567, positive_rate=0.1678
2026-06-28 18:12:06 INFO [424/610] 600673 标签保存完成: rows=1548, positive_rate=0.1899
2026-06-28 18:12:06 INFO [425/610] 600690 标签保存完成: rows=1565, positive_rate=0.1610
2026-06-28 18:12:06 INFO [426/610] 600699 标签保存完成: rows=1567, positive_rate=0.2055
2026-06-28 18:12:06 INFO [427/610] 600703 标签保存完成: rows=1567, positive_rate=0.2004
2026-06-28 18:12:06 INFO [428/610] 600707 标签保存完成: rows=1566, positive_rate=0.1903
2026-06-28 18:12:06 INFO [429/610] 600711 标签保存完成: rows=1565, positive_rate=0.2179
2026-06-28 18:12:06 INFO [430/610] 600726 标签保存完成: rows=1557, positive_rate=0.1663
2026-06-28 18:12:06 INFO [431/610] 600732 标签保存完成: rows=1566, positive_rate=0.2427
2026-06-28 18:12:06 INFO [432/610] 600760 标签保存完成: rows=1567, positive_rate=0.1800
2026-06-28 18:12:06 INFO [433/610] 600795 标签保存完成: rows=1567, positive_rate=0.1321
2026-06-28 18:12:06 INFO [434/610] 600809 标签保存完成: rows=1567, positive_rate=0.1991
2026-06-28 18:12:06 INFO [435/610] 600839 标签保存完成: rows=1567, positive_rate=0.1602
2026-06-28 18:12:07 INFO [436/610] 600863 标签保存完成: rows=1559, positive_rate=0.1386
2026-06-28 18:12:07 INFO [437/610] 600869 标签保存完成: rows=1567, positive_rate=0.1914
2026-06-28 18:12:07 INFO [438/610] 600875 标签保存完成: rows=1567, positive_rate=0.1870
2026-06-28 18:12:07 INFO [439/610] 600879 标签保存完成: rows=1567, positive_rate=0.1595
2026-06-28 18:12:07 INFO [440/610] 600884 标签保存完成: rows=1567, positive_rate=0.2176
2026-06-28 18:12:07 INFO [441/610] 600885 标签保存完成: rows=1567, positive_rate=0.1870
2026-06-28 18:12:07 INFO [442/610] 600887 标签保存完成: rows=1567, positive_rate=0.1181
2026-06-28 18:12:07 INFO [443/610] 600888 标签保存完成: rows=1561, positive_rate=0.1672
2026-06-28 18:12:07 INFO [444/610] 600893 标签保存完成: rows=1566, positive_rate=0.1814
2026-06-28 18:12:07 INFO [445/610] 600895 标签保存完成: rows=1567, positive_rate=0.1742
2026-06-28 18:12:07 INFO [446/610] 600900 标签保存完成: rows=1556, positive_rate=0.0553
2026-06-28 18:12:07 INFO [447/610] 600905 标签保存完成: rows=1220, positive_rate=0.0656
2026-06-28 18:12:07 INFO [448/610] 600906 标签保存完成: rows=1244, positive_rate=0.1109
2026-06-28 18:12:07 INFO [449/610] 600909 标签保存完成: rows=1561, positive_rate=0.1121
2026-06-28 18:12:07 INFO [450/610] 600919 标签保存完成: rows=1561, positive_rate=0.1127
2026-06-28 18:12:07 INFO [451/610] 600926 标签保存完成: rows=1567, positive_rate=0.1429
2026-06-28 18:12:07 INFO [452/610] 600938 标签保存完成: rows=1011, positive_rate=0.1503
2026-06-28 18:12:07 INFO [453/610] 600941 标签保存完成: rows=1080, positive_rate=0.1019
2026-06-28 18:12:08 INFO [454/610] 600958 标签保存完成: rows=1551, positive_rate=0.1238
2026-06-28 18:12:08 INFO [455/610] 600961 标签保存完成: rows=1556, positive_rate=0.2037
2026-06-28 18:12:08 INFO [456/610] 600977 标签保存完成: rows=1567, positive_rate=0.1232
2026-06-28 18:12:08 INFO [457/610] 600988 标签保存完成: rows=1565, positive_rate=0.2224
2026-06-28 18:12:08 INFO [458/610] 600989 标签保存完成: rows=1567, positive_rate=0.1857
2026-06-28 18:12:08 INFO [459/610] 600999 标签保存完成: rows=1561, positive_rate=0.0929
2026-06-28 18:12:08 INFO [460/610] 601006 标签保存完成: rows=1567, positive_rate=0.0357
2026-06-28 18:12:08 INFO [461/610] 601009 标签保存完成: rows=1567, positive_rate=0.1110
2026-06-28 18:12:08 INFO [462/610] 601012 标签保存完成: rows=1567, positive_rate=0.2017
2026-06-28 18:12:08 INFO [463/610] 601016 标签保存完成: rows=1561, positive_rate=0.1230
2026-06-28 18:12:08 INFO [464/610] 601066 标签保存完成: rows=1567, positive_rate=0.1244
2026-06-28 18:12:08 INFO [465/610] 601088 标签保存完成: rows=1557, positive_rate=0.2062
2026-06-28 18:12:08 INFO [466/610] 601099 标签保存完成: rows=1567, positive_rate=0.1078
2026-06-28 18:12:08 INFO [467/610] 601100 标签保存完成: rows=1567, positive_rate=0.2444
2026-06-28 18:12:08 INFO [468/610] 601108 标签保存完成: rows=1561, positive_rate=0.1019
2026-06-28 18:12:08 INFO [469/610] 601111 标签保存完成: rows=1566, positive_rate=0.1494
2026-06-28 18:12:08 INFO [470/610] 601117 标签保存完成: rows=1567, positive_rate=0.1589
2026-06-28 18:12:08 INFO [471/610] 601126 标签保存完成: rows=1567, positive_rate=0.2750
2026-06-28 18:12:09 INFO [472/610] 601127 标签保存完成: rows=1566, positive_rate=0.2599
2026-06-28 18:12:09 INFO [473/610] 601133 标签保存完成: rows=773, positive_rate=0.1772
2026-06-28 18:12:09 INFO [474/610] 601137 标签保存完成: rows=1567, positive_rate=0.2234
2026-06-28 18:12:09 INFO [475/610] 601138 标签保存完成: rows=1567, positive_rate=0.2074
2026-06-28 18:12:09 INFO [476/610] 601162 标签保存完成: rows=1561, positive_rate=0.1102
2026-06-28 18:12:09 INFO [477/610] 601166 标签保存完成: rows=1567, positive_rate=0.1155
2026-06-28 18:12:09 INFO [478/610] 601168 标签保存完成: rows=1567, positive_rate=0.2406
2026-06-28 18:12:09 INFO [479/610] 601169 标签保存完成: rows=1567, positive_rate=0.0351
2026-06-28 18:12:09 INFO [480/610] 601179 标签保存完成: rows=1567, positive_rate=0.1691
2026-06-28 18:12:09 INFO [481/610] 601208 标签保存完成: rows=1567, positive_rate=0.2585
2026-06-28 18:12:09 INFO [482/610] 601211 标签保存完成: rows=1548, positive_rate=0.0807
2026-06-28 18:12:09 INFO [483/610] 601212 标签保存完成: rows=1567, positive_rate=0.1544
2026-06-28 18:12:09 INFO [484/610] 601225 标签保存完成: rows=1567, positive_rate=0.2616
2026-06-28 18:12:09 INFO [485/610] 601231 标签保存完成: rows=1566, positive_rate=0.2037
2026-06-28 18:12:09 INFO [486/610] 601233 标签保存完成: rows=1567, positive_rate=0.1774
2026-06-28 18:12:09 INFO [487/610] 601288 标签保存完成: rows=1567, positive_rate=0.0581
2026-06-28 18:12:09 INFO [488/610] 601318 标签保存完成: rows=1567, positive_rate=0.1181
2026-06-28 18:12:09 INFO [489/610] 601319 标签保存完成: rows=1567, positive_rate=0.0964
2026-06-28 18:12:10 INFO [490/610] 601328 标签保存完成: rows=1567, positive_rate=0.0459
2026-06-28 18:12:10 INFO [491/610] 601336 标签保存完成: rows=1567, positive_rate=0.1653
2026-06-28 18:12:10 INFO [492/610] 601360 标签保存完成: rows=1567, positive_rate=0.1525
2026-06-28 18:12:10 INFO [493/610] 601377 标签保存完成: rows=1561, positive_rate=0.1108
2026-06-28 18:12:10 INFO [494/610] 601390 标签保存完成: rows=1567, positive_rate=0.1098
2026-06-28 18:12:10 INFO [495/610] 601398 标签保存完成: rows=1567, positive_rate=0.0447
2026-06-28 18:12:10 INFO [496/610] 601600 标签保存完成: rows=1567, positive_rate=0.1908
2026-06-28 18:12:10 INFO [497/610] 601601 标签保存完成: rows=1567, positive_rate=0.1532
2026-06-28 18:12:10 INFO [498/610] 601615 标签保存完成: rows=1559, positive_rate=0.2078
2026-06-28 18:12:10 INFO [499/610] 601628 标签保存完成: rows=1567, positive_rate=0.1474
2026-06-28 18:12:10 INFO [500/610] 601636 标签保存完成: rows=1567, positive_rate=0.2176
2026-06-28 18:12:10 INFO [501/610] 601658 标签保存完成: rows=1567, positive_rate=0.0944
2026-06-28 18:12:10 INFO [502/610] 601668 标签保存完成: rows=1567, positive_rate=0.0913
2026-06-28 18:12:10 INFO [503/610] 601669 标签保存完成: rows=1567, positive_rate=0.1187
2026-06-28 18:12:10 INFO [504/610] 601677 标签保存完成: rows=1567, positive_rate=0.1902
2026-06-28 18:12:10 INFO [505/610] 601688 标签保存完成: rows=1567, positive_rate=0.1123
2026-06-28 18:12:10 INFO [506/610] 601689 标签保存完成: rows=1567, positive_rate=0.2680
2026-06-28 18:12:11 INFO [507/610] 601696 标签保存完成: rows=1534, positive_rate=0.1349
2026-06-28 18:12:11 INFO [508/610] 601698 标签保存完成: rows=1567, positive_rate=0.1870
2026-06-28 18:12:11 INFO [509/610] 601699 标签保存完成: rows=1567, positive_rate=0.2814
2026-06-28 18:12:11 INFO [510/610] 601727 标签保存完成: rows=1567, positive_rate=0.1098
2026-06-28 18:12:11 INFO [511/610] 601728 标签保存完成: rows=1170, positive_rate=0.0906
2026-06-28 18:12:11 INFO [512/610] 601766 标签保存完成: rows=1567, positive_rate=0.0836
2026-06-28 18:12:11 INFO [513/610] 601788 标签保存完成: rows=1567, positive_rate=0.1315
2026-06-28 18:12:11 INFO [514/610] 601799 标签保存完成: rows=1567, positive_rate=0.1902
2026-06-28 18:12:11 INFO [515/610] 601816 标签保存完成: rows=1557, positive_rate=0.0597
2026-06-28 18:12:11 INFO [516/610] 601818 标签保存完成: rows=1567, positive_rate=0.0613
2026-06-28 18:12:11 INFO [517/610] 601857 标签保存完成: rows=1567, positive_rate=0.1570
2026-06-28 18:12:11 INFO [518/610] 601868 标签保存完成: rows=1145, positive_rate=0.0707
2026-06-28 18:12:11 INFO [519/610] 601869 标签保存完成: rows=1567, positive_rate=0.2004
2026-06-28 18:12:11 INFO [520/610] 601872 标签保存完成: rows=1567, positive_rate=0.2131
2026-06-28 18:12:11 INFO [521/610] 601877 标签保存完成: rows=1567, positive_rate=0.1583
2026-06-28 18:12:11 INFO [522/610] 601878 标签保存完成: rows=1567, positive_rate=0.1232
2026-06-28 18:12:11 INFO [523/610] 601881 标签保存完成: rows=1567, positive_rate=0.1251
2026-06-28 18:12:11 INFO [524/610] 601888 标签保存完成: rows=1567, positive_rate=0.1883
2026-06-28 18:12:12 INFO [525/610] 601899 标签保存完成: rows=1567, positive_rate=0.2431
2026-06-28 18:12:12 INFO [526/610] 601901 标签保存完成: rows=1567, positive_rate=0.1047
2026-06-28 18:12:12 INFO [527/610] 601916 标签保存完成: rows=1561, positive_rate=0.0359
2026-06-28 18:12:12 INFO [528/610] 601919 标签保存完成: rows=1567, positive_rate=0.2042
2026-06-28 18:12:12 INFO [529/610] 601933 标签保存完成: rows=1567, positive_rate=0.1244
2026-06-28 18:12:12 INFO [530/610] 601939 标签保存完成: rows=1567, positive_rate=0.0638
2026-06-28 18:12:12 INFO [531/610] 601958 标签保存完成: rows=1567, positive_rate=0.1940
2026-06-28 18:12:12 INFO [532/610] 601985 标签保存完成: rows=1567, positive_rate=0.1117
2026-06-28 18:12:12 INFO [533/610] 601988 标签保存完成: rows=1567, positive_rate=0.0408
2026-06-28 18:12:12 INFO [534/610] 601991 标签保存完成: rows=1567, positive_rate=0.1532
2026-06-28 18:12:12 INFO [535/610] 601995 标签保存完成: rows=1348, positive_rate=0.1365
2026-06-28 18:12:12 INFO [536/610] 603002 标签保存完成: rows=1556, positive_rate=0.2269
2026-06-28 18:12:12 INFO [537/610] 603005 标签保存完成: rows=1567, positive_rate=0.2265
2026-06-28 18:12:12 INFO [538/610] 603019 标签保存完成: rows=1557, positive_rate=0.2113
2026-06-28 18:12:12 INFO [539/610] 603026 标签保存完成: rows=1567, positive_rate=0.2278
2026-06-28 18:12:12 INFO [540/610] 603061 标签保存完成: rows=801, positive_rate=0.2534
2026-06-28 18:12:12 INFO [541/610] 603063 标签保存完成: rows=1567, positive_rate=0.2508
2026-06-28 18:12:12 INFO [542/610] 603067 标签保存完成: rows=1556, positive_rate=0.2339
2026-06-28 18:12:12 INFO [543/610] 603083 标签保存完成: rows=1567, positive_rate=0.2629
2026-06-28 18:12:13 INFO [544/610] 603115 标签保存完成: rows=1567, positive_rate=0.1914
2026-06-28 18:12:13 INFO [545/610] 603119 标签保存完成: rows=700, positive_rate=0.2714
2026-06-28 18:12:13 INFO [546/610] 603124 标签保存完成: rows=306, positive_rate=0.3170
2026-06-28 18:12:13 INFO [547/610] 603127 标签保存完成: rows=1567, positive_rate=0.2342
2026-06-28 18:12:13 INFO [548/610] 603129 标签保存完成: rows=1567, positive_rate=0.2508
2026-06-28 18:12:13 INFO [549/610] 603156 标签保存完成: rows=1567, positive_rate=0.1863
2026-06-28 18:12:13 INFO [550/610] 603179 标签保存完成: rows=1567, positive_rate=0.2482
2026-06-28 18:12:13 INFO [551/610] 603186 标签保存完成: rows=1567, positive_rate=0.2565
2026-06-28 18:12:13 INFO [552/610] 603203 标签保存完成: rows=1567, positive_rate=0.2214
2026-06-28 18:12:13 INFO [553/610] 603225 标签保存完成: rows=1567, positive_rate=0.2036
2026-06-28 18:12:13 INFO [554/610] 603228 标签保存完成: rows=1567, positive_rate=0.2106
2026-06-28 18:12:13 INFO [555/610] 603256 标签保存完成: rows=1567, positive_rate=0.2087
2026-06-28 18:12:13 INFO [556/610] 603259 标签保存完成: rows=1567, positive_rate=0.2227
2026-06-28 18:12:13 INFO [557/610] 603260 标签保存完成: rows=1567, positive_rate=0.2042
2026-06-28 18:12:13 INFO [558/610] 603268 标签保存完成: rows=1557, positive_rate=0.2036
2026-06-28 18:12:13 INFO [559/610] 603283 标签保存完成: rows=1567, positive_rate=0.2470
2026-06-28 18:12:13 INFO [560/610] 603288 标签保存完成: rows=1567, positive_rate=0.1289
2026-06-28 18:12:13 INFO [561/610] 603290 标签保存完成: rows=1550, positive_rate=0.2316
2026-06-28 18:12:13 INFO [562/610] 603296 标签保存完成: rows=695, positive_rate=0.2374
2026-06-28 18:12:14 INFO [563/610] 603306 标签保存完成: rows=1555, positive_rate=0.2482
2026-06-28 18:12:14 INFO [564/610] 603308 标签保存完成: rows=1567, positive_rate=0.2329
2026-06-28 18:12:14 INFO [565/610] 603341 标签保存完成: rows=560, positive_rate=0.2107
2026-06-28 18:12:14 INFO [566/610] 603379 标签保存完成: rows=1567, positive_rate=0.1997
2026-06-28 18:12:14 INFO [567/610] 603444 标签保存完成: rows=1567, positive_rate=0.2259
2026-06-28 18:12:14 INFO [568/610] 603501 标签保存完成: rows=1567, positive_rate=0.1876
2026-06-28 18:12:14 INFO [569/610] 603516 标签保存完成: rows=1567, positive_rate=0.2438
2026-06-28 18:12:14 INFO [570/610] 603588 标签保存完成: rows=1566, positive_rate=0.1826
2026-06-28 18:12:14 INFO [571/610] 603596 标签保存完成: rows=1567, positive_rate=0.2374
2026-06-28 18:12:14 INFO [572/610] 603606 标签保存完成: rows=1567, positive_rate=0.2202
2026-06-28 18:12:14 INFO [573/610] 603618 标签保存完成: rows=1567, positive_rate=0.1940
2026-06-28 18:12:14 INFO [574/610] 603629 标签保存完成: rows=1567, positive_rate=0.2374
2026-06-28 18:12:14 INFO [575/610] 603650 标签保存完成: rows=1567, positive_rate=0.2240
2026-06-28 18:12:14 INFO [576/610] 603659 标签保存完成: rows=1567, positive_rate=0.2297
2026-06-28 18:12:14 INFO [577/610] 603663 标签保存完成: rows=1567, positive_rate=0.2221
2026-06-28 18:12:14 INFO [578/610] 603667 标签保存完成: rows=1567, positive_rate=0.2508
2026-06-28 18:12:14 INFO [579/610] 603678 标签保存完成: rows=1567, positive_rate=0.2317
2026-06-28 18:12:14 INFO [580/610] 603688 标签保存完成: rows=1567, positive_rate=0.2763
2026-06-28 18:12:15 INFO [581/610] 603698 标签保存完成: rows=1567, positive_rate=0.1742
2026-06-28 18:12:15 INFO [582/610] 603728 标签保存完成: rows=1567, positive_rate=0.2342
2026-06-28 18:12:15 INFO [583/610] 603738 标签保存完成: rows=1567, positive_rate=0.2317
2026-06-28 18:12:15 INFO [584/610] 603773 标签保存完成: rows=1567, positive_rate=0.2399
2026-06-28 18:12:15 INFO [585/610] 603799 标签保存完成: rows=1567, positive_rate=0.2425
2026-06-28 18:12:15 INFO [586/610] 603806 标签保存完成: rows=1567, positive_rate=0.2285
2026-06-28 18:12:15 INFO [587/610] 603823 标签保存完成: rows=1567, positive_rate=0.1940
2026-06-28 18:12:15 INFO [588/610] 603876 标签保存完成: rows=1567, positive_rate=0.2221
2026-06-28 18:12:15 INFO [589/610] 603881 标签保存完成: rows=1567, positive_rate=0.2304
2026-06-28 18:12:15 INFO [590/610] 603893 标签保存完成: rows=1547, positive_rate=0.2353
2026-06-28 18:12:15 INFO [591/610] 603906 标签保存完成: rows=1567, positive_rate=0.2317
2026-06-28 18:12:15 INFO [592/610] 603920 标签保存完成: rows=1564, positive_rate=0.2628
2026-06-28 18:12:15 INFO [593/610] 603929 标签保存完成: rows=1567, positive_rate=0.2840
2026-06-28 18:12:15 INFO [594/610] 603938 标签保存完成: rows=1567, positive_rate=0.2342
2026-06-28 18:12:15 INFO [595/610] 603950 标签保存完成: rows=1464, positive_rate=0.1919
2026-06-28 18:12:15 INFO [596/610] 603979 标签保存完成: rows=1567, positive_rate=0.2246
2026-06-28 18:12:15 INFO [597/610] 603986 标签保存完成: rows=1567, positive_rate=0.2425
2026-06-28 18:12:15 INFO [598/610] 603989 标签保存完成: rows=1567, positive_rate=0.1685
2026-06-28 18:12:16 INFO [599/610] 603993 标签保存完成: rows=1567, positive_rate=0.2412
2026-06-28 18:12:16 INFO [600/610] 605020 标签保存完成: rows=1200, positive_rate=0.2250
2026-06-28 18:12:16 INFO [601/610] 605090 标签保存完成: rows=1221, positive_rate=0.1769
2026-06-28 18:12:16 INFO [602/610] 605111 标签保存完成: rows=1387, positive_rate=0.2386
2026-06-28 18:12:16 INFO [603/610] 605117 标签保存完成: rows=1254, positive_rate=0.2871
2026-06-28 18:12:16 INFO [604/610] 605289 标签保存完成: rows=1250, positive_rate=0.2560
2026-06-28 18:12:16 INFO [605/610] 605358 标签保存完成: rows=1398, positive_rate=0.2160
2026-06-28 18:12:16 INFO [606/610] 605376 标签保存完成: rows=1342, positive_rate=0.2630
2026-06-28 18:12:16 INFO [607/610] 605499 标签保存完成: rows=1230, positive_rate=0.1829
2026-06-28 18:12:16 INFO [608/610] 605589 标签保存完成: rows=1178, positive_rate=0.2080
2026-06-28 18:12:16 INFO [609/610] 689009 标签保存完成: rows=1370, positive_rate=0.2066
2026-06-28 18:12:16 INFO [610/610] 920438 标签保存完成: rows=544, positive_rate=0.3125
2026-06-28 18:12:16 INFO 第4步完成: 成功=610, 跳过=0, 失败=0, 输出目录=E:\private_work\A-kid\labeled_data
=== STEP5 train ===
2026-06-28 18:12:36 INFO 合并样本完成: rows=909206, stocks=610
2026-06-28 18:13:05 INFO 窗口 2020-01-02 -> 2022-06-27, CV AUC=0.5812, 预测区间 AUC=0.6264, rows=11517
2026-06-28 18:13:09 INFO 窗口 2020-07-06 -> 2022-12-20, CV AUC=0.5822, 预测区间 AUC=0.5955, rows=11786
2026-06-28 18:13:13 INFO 窗口 2020-12-29 -> 2023-06-20, CV AUC=0.5868, 预测区间 AUC=0.6530, rows=11877
2026-06-28 18:13:17 INFO 窗口 2021-06-30 -> 2023-12-15, CV AUC=0.5883, 预测区间 AUC=0.5309, rows=12003
2026-06-28 18:13:21 INFO 窗口 2021-12-24 -> 2024-06-19, CV AUC=0.5845, 预测区间 AUC=0.6118, rows=12140
2026-06-28 18:13:25 INFO 窗口 2022-06-28 -> 2024-12-13, CV AUC=0.5807, 预测区间 AUC=0.7154, rows=12177
2026-06-28 18:13:29 INFO 窗口 2022-12-21 -> 2025-06-17, CV AUC=0.5991, 预测区间 AUC=0.6277, rows=12200
2026-06-28 18:13:33 INFO 窗口 2023-06-21 -> 2025-12-10, CV AUC=0.5967, 预测区间 AUC=0.6417, rows=12186
2026-06-28 18:13:37 INFO 窗口 2023-12-18 -> 2026-06-12, CV AUC=0.6041, 预测区间 AUC=0.7297, rows=4270
2026-06-28 18:13:45 INFO 最新预测完成: date=2026-06-26, top=20
=== STEP6 signals ===
2026-06-28 18:13:46 INFO 固定输出概率前10，未应用趋势过滤
2026-06-28 18:13:46 INFO 最终信号已保存: rows=10, E:\private_work\A-kid\final_signals\final_signals.csv, E:\private_work\A-kid\final_signals\final_signals.xlsx
=== ALL DONE ===
